This file contains any messages produced by compilers while
running configure, to aid debugging if configure makes a mistake.

It was created by fluidity configure None, which was
generated by GNU Autoconf 2.71.  Invocation command line was

  $ ./configure

## --------- ##
## Platform. ##
## --------- ##

hostname = ubuntu2404
uname -m = x86_64
uname -r = 6.11.0-21-generic
uname -s = Linux
uname -v = #21~24.04.1-Ubuntu SMP PREEMPT_DYNAMIC Mon Feb 24 16:52:15 UTC 2

/usr/bin/uname -p = x86_64
/bin/uname -X     = unknown

/bin/arch              = x86_64
/usr/bin/arch -k       = unknown
/usr/convex/getsysinfo = unknown
/usr/bin/hostinfo      = unknown
/bin/machine           = unknown
/usr/bin/oslevel       = unknown
/bin/universe          = unknown

PATH: /home/jfv00/multifluids_icferst/.venv/bin/
PATH: /usr/local/sbin/
PATH: /usr/local/bin/
PATH: /usr/sbin/
PATH: /usr/bin/
PATH: /sbin/
PATH: /bin/
PATH: /usr/games/
PATH: /usr/local/games/
PATH: /snap/bin/


## ----------- ##
## Core tests. ##
## ----------- ##

configure:3325: looking for aux files: install-sh config.guess config.sub
configure:3338:  trying ./
configure:3349:   ./install-sh found
configure:3367:   ./config.guess found
configure:3367:   ./config.sub found
configure:3540: checking build system type
configure:3555: result: x86_64-unknown-linux-gnu
configure:3575: checking host system type
configure:3589: result: x86_64-unknown-linux-gnu
configure:3630: *** Fishing for legacy fortran compiler.
configure:3690: checking for ifort
configure:3725: result: no
configure:3690: checking for ifc
configure:3725: result: no
configure:3690: checking for efc
configure:3725: result: no
configure:3690: checking for sunf95
configure:3725: result: no
configure:3690: checking for gfortran
configure:3711: found /usr/bin/gfortran
configure:3722: result: gfortran
configure:3748: checking for Fortran 77 compiler version
configure:3757: gfortran --version >&5
GNU Fortran (Ubuntu 13.3.0-6ubuntu2~24.04) 13.3.0
Copyright (C) 2023 Free Software Foundation, Inc.
This is free software; see the source for copying conditions.  There is NO
warranty; not even for MERCHANTABILITY or FITNESS FOR A PARTICULAR PURPOSE.

configure:3768: $? = 0
configure:3757: gfortran -v >&5
Using built-in specs.
COLLECT_GCC=gfortran
COLLECT_LTO_WRAPPER=/usr/libexec/gcc/x86_64-linux-gnu/13/lto-wrapper
OFFLOAD_TARGET_NAMES=nvptx-none:amdgcn-amdhsa
OFFLOAD_TARGET_DEFAULT=1
Target: x86_64-linux-gnu
Configured with: ../src/configure -v --with-pkgversion='Ubuntu 13.3.0-6ubuntu2~24.04' --with-bugurl=file:///usr/share/doc/gcc-13/README.Bugs --enable-languages=c,ada,c++,go,d,fortran,objc,obj-c++,m2 --prefix=/usr --with-gcc-major-version-only --program-suffix=-13 --program-prefix=x86_64-linux-gnu- --enable-shared --enable-linker-build-id --libexecdir=/usr/libexec --without-included-gettext --enable-threads=posix --libdir=/usr/lib --enable-nls --enable-bootstrap --enable-clocale=gnu --enable-libstdcxx-debug --enable-libstdcxx-time=yes --with-default-libstdcxx-abi=new --enable-libstdcxx-backtrace --enable-gnu-unique-object --disable-vtable-verify --enable-plugin --enable-default-pie --with-system-zlib --enable-libphobos-checking=release --with-target-system-zlib=auto --enable-objc-gc=auto --enable-multiarch --disable-werror --enable-cet --with-arch-32=i686 --with-abi=m64 --with-multilib-list=m32,m64,mx32 --enable-multilib --with-tune=generic --enable-offload-targets=nvptx-none=/build/gcc-13-fG75Ri/gcc-13-13.3.0/debian/tmp-nvptx/usr,amdgcn-amdhsa=/build/gcc-13-fG75Ri/gcc-13-13.3.0/debian/tmp-gcn/usr --enable-offload-defaulted --without-cuda-driver --enable-checking=release --build=x86_64-linux-gnu --host=x86_64-linux-gnu --target=x86_64-linux-gnu --with-build-config=bootstrap-lto-lean --enable-link-serialization=2
Thread model: posix
Supported LTO compression algorithms: zlib zstd
gcc version 13.3.0 (Ubuntu 13.3.0-6ubuntu2~24.04) 
... rest of stderr output deleted ...
configure:3768: $? = 0
configure:3757: gfortran -V >&5
gfortran: error: unrecognized command-line option '-V'
gfortran: fatal error: no input files
compilation terminated.
configure:3768: $? = 1
configure:3757: gfortran -qversion >&5
gfortran: error: unrecognized command-line option '-qversion'; did you mean '--version'?
gfortran: fatal error: no input files
compilation terminated.
configure:3768: $? = 1
configure:3783: checking whether the Fortran 77 compiler works
configure:3805: gfortran   conftest.f  >&5
configure:3809: $? = 0
configure:3859: result: yes
configure:3862: checking for Fortran 77 compiler default output file name
configure:3864: result: a.out
configure:3870: checking for suffix of executables
configure:3877: gfortran -o conftest   conftest.f  >&5
configure:3881: $? = 0
configure:3904: result: 
configure:3920: checking whether we are cross compiling
configure:3928: gfortran -o conftest   conftest.f  >&5
configure:3932: $? = 0
configure:3939: ./conftest
configure:3943: $? = 0
configure:3958: result: no
configure:3963: checking for suffix of object files
configure:3980: gfortran -c  conftest.f >&5
configure:3984: $? = 0
configure:4006: result: o
configure:4014: checking whether the compiler supports GNU Fortran 77
configure:4028: gfortran -c  conftest.F >&5
configure:4028: $? = 0
configure:4038: result: yes
configure:4046: checking whether gfortran accepts -g
configure:4058: gfortran -c -g conftest.f >&5
configure:4058: $? = 0
configure:4067: result: yes
configure:4098: *** Fishing for modern Fortran compiler
configure:4158: checking for ifort
configure:4193: result: no
configure:4158: checking for ifc
configure:4193: result: no
configure:4158: checking for efc
configure:4193: result: no
configure:4158: checking for sunf95
configure:4193: result: no
configure:4158: checking for gfortran
configure:4179: found /usr/bin/gfortran
configure:4190: result: gfortran
configure:4216: checking for Fortran compiler version
configure:4225: gfortran --version >&5
GNU Fortran (Ubuntu 13.3.0-6ubuntu2~24.04) 13.3.0
Copyright (C) 2023 Free Software Foundation, Inc.
This is free software; see the source for copying conditions.  There is NO
warranty; not even for MERCHANTABILITY or FITNESS FOR A PARTICULAR PURPOSE.

configure:4236: $? = 0
configure:4225: gfortran -v >&5
Using built-in specs.
COLLECT_GCC=gfortran
COLLECT_LTO_WRAPPER=/usr/libexec/gcc/x86_64-linux-gnu/13/lto-wrapper
OFFLOAD_TARGET_NAMES=nvptx-none:amdgcn-amdhsa
OFFLOAD_TARGET_DEFAULT=1
Target: x86_64-linux-gnu
Configured with: ../src/configure -v --with-pkgversion='Ubuntu 13.3.0-6ubuntu2~24.04' --with-bugurl=file:///usr/share/doc/gcc-13/README.Bugs --enable-languages=c,ada,c++,go,d,fortran,objc,obj-c++,m2 --prefix=/usr --with-gcc-major-version-only --program-suffix=-13 --program-prefix=x86_64-linux-gnu- --enable-shared --enable-linker-build-id --libexecdir=/usr/libexec --without-included-gettext --enable-threads=posix --libdir=/usr/lib --enable-nls --enable-bootstrap --enable-clocale=gnu --enable-libstdcxx-debug --enable-libstdcxx-time=yes --with-default-libstdcxx-abi=new --enable-libstdcxx-backtrace --enable-gnu-unique-object --disable-vtable-verify --enable-plugin --enable-default-pie --with-system-zlib --enable-libphobos-checking=release --with-target-system-zlib=auto --enable-objc-gc=auto --enable-multiarch --disable-werror --enable-cet --with-arch-32=i686 --with-abi=m64 --with-multilib-list=m32,m64,mx32 --enable-multilib --with-tune=generic --enable-offload-targets=nvptx-none=/build/gcc-13-fG75Ri/gcc-13-13.3.0/debian/tmp-nvptx/usr,amdgcn-amdhsa=/build/gcc-13-fG75Ri/gcc-13-13.3.0/debian/tmp-gcn/usr --enable-offload-defaulted --without-cuda-driver --enable-checking=release --build=x86_64-linux-gnu --host=x86_64-linux-gnu --target=x86_64-linux-gnu --with-build-config=bootstrap-lto-lean --enable-link-serialization=2
Thread model: posix
Supported LTO compression algorithms: zlib zstd
gcc version 13.3.0 (Ubuntu 13.3.0-6ubuntu2~24.04) 
... rest of stderr output deleted ...
configure:4236: $? = 0
configure:4225: gfortran -V >&5
gfortran: error: unrecognized command-line option '-V'
gfortran: fatal error: no input files
compilation terminated.
configure:4236: $? = 1
configure:4225: gfortran -qversion >&5
gfortran: error: unrecognized command-line option '-qversion'; did you mean '--version'?
gfortran: fatal error: no input files
compilation terminated.
configure:4236: $? = 1
configure:4245: checking whether the compiler supports GNU Fortran
configure:4259: gfortran -c -I/usr/include​  conftest.F >&5
f951: Warning: Nonexistent include directory '/usr/include​' [-Wmissing-include-dirs]
configure:4259: $? = 0
configure:4269: result: yes
configure:4277: checking whether gfortran accepts -g
configure:4289: gfortran -c -g  conftest.f >&5
configure:4289: $? = 0
configure:4298: result: yes
configure:4360: *** Assuming that gfortran can process both free and fixed form fortran files.
configure:4448: checking for icc
configure:4483: result: no
configure:4448: checking for ecc
configure:4483: result: no
configure:4448: checking for suncc
configure:4483: result: no
configure:4448: checking for pgcc
configure:4483: result: no
configure:4448: checking for gcc
configure:4469: found /usr/bin/gcc
configure:4480: result: gcc
configure:4511: checking for C compiler version
configure:4520: gcc --version >&5
gcc (Ubuntu 13.3.0-6ubuntu2~24.04) 13.3.0
Copyright (C) 2023 Free Software Foundation, Inc.
This is free software; see the source for copying conditions.  There is NO
warranty; not even for MERCHANTABILITY or FITNESS FOR A PARTICULAR PURPOSE.

configure:4531: $? = 0
configure:4520: gcc -v >&5
Using built-in specs.
COLLECT_GCC=gcc
COLLECT_LTO_WRAPPER=/usr/libexec/gcc/x86_64-linux-gnu/13/lto-wrapper
OFFLOAD_TARGET_NAMES=nvptx-none:amdgcn-amdhsa
OFFLOAD_TARGET_DEFAULT=1
Target: x86_64-linux-gnu
Configured with: ../src/configure -v --with-pkgversion='Ubuntu 13.3.0-6ubuntu2~24.04' --with-bugurl=file:///usr/share/doc/gcc-13/README.Bugs --enable-languages=c,ada,c++,go,d,fortran,objc,obj-c++,m2 --prefix=/usr --with-gcc-major-version-only --program-suffix=-13 --program-prefix=x86_64-linux-gnu- --enable-shared --enable-linker-build-id --libexecdir=/usr/libexec --without-included-gettext --enable-threads=posix --libdir=/usr/lib --enable-nls --enable-bootstrap --enable-clocale=gnu --enable-libstdcxx-debug --enable-libstdcxx-time=yes --with-default-libstdcxx-abi=new --enable-libstdcxx-backtrace --enable-gnu-unique-object --disable-vtable-verify --enable-plugin --enable-default-pie --with-system-zlib --enable-libphobos-checking=release --with-target-system-zlib=auto --enable-objc-gc=auto --enable-multiarch --disable-werror --enable-cet --with-arch-32=i686 --with-abi=m64 --with-multilib-list=m32,m64,mx32 --enable-multilib --with-tune=generic --enable-offload-targets=nvptx-none=/build/gcc-13-fG75Ri/gcc-13-13.3.0/debian/tmp-nvptx/usr,amdgcn-amdhsa=/build/gcc-13-fG75Ri/gcc-13-13.3.0/debian/tmp-gcn/usr --enable-offload-defaulted --without-cuda-driver --enable-checking=release --build=x86_64-linux-gnu --host=x86_64-linux-gnu --target=x86_64-linux-gnu --with-build-config=bootstrap-lto-lean --enable-link-serialization=2
Thread model: posix
Supported LTO compression algorithms: zlib zstd
gcc version 13.3.0 (Ubuntu 13.3.0-6ubuntu2~24.04) 
... rest of stderr output deleted ...
configure:4531: $? = 0
configure:4520: gcc -V >&5
gcc: error: unrecognized command-line option '-V'
gcc: fatal error: no input files
compilation terminated.
configure:4531: $? = 1
configure:4520: gcc -qversion >&5
gcc: error: unrecognized command-line option '-qversion'; did you mean '--version'?
gcc: fatal error: no input files
compilation terminated.
configure:4531: $? = 1
configure:4520: gcc -version >&5
gcc: error: unrecognized command-line option '-version'
gcc: fatal error: no input files
compilation terminated.
configure:4531: $? = 1
configure:4535: checking whether the compiler supports GNU C
configure:4555: gcc -c  -I/usr/include conftest.c >&5
configure:4555: $? = 0
configure:4565: result: yes
configure:4576: checking whether gcc accepts -g
configure:4597: gcc -c -g -I/usr/include conftest.c >&5
configure:4597: $? = 0
configure:4641: result: yes
configure:4661: checking for gcc option to enable C11 features
configure:4676: gcc  -c  -I/usr/include conftest.c >&5
configure:4676: $? = 0
configure:4694: result: none needed
configure:4873: checking for icpc
configure:4908: result: no
configure:4873: checking for icc
configure:4908: result: no
configure:4873: checking for ecc
configure:4908: result: no
configure:4873: checking for sunCC
configure:4908: result: no
configure:4873: checking for pgCC
configure:4908: result: no
configure:4873: checking for g++
configure:4894: found /usr/bin/g++
configure:4905: result: g++
configure:4932: checking for C++ compiler version
configure:4941: g++ --version >&5
g++ (Ubuntu 13.3.0-6ubuntu2~24.04) 13.3.0
Copyright (C) 2023 Free Software Foundation, Inc.
This is free software; see the source for copying conditions.  There is NO
warranty; not even for MERCHANTABILITY or FITNESS FOR A PARTICULAR PURPOSE.

configure:4952: $? = 0
configure:4941: g++ -v >&5
Using built-in specs.
COLLECT_GCC=g++
COLLECT_LTO_WRAPPER=/usr/libexec/gcc/x86_64-linux-gnu/13/lto-wrapper
OFFLOAD_TARGET_NAMES=nvptx-none:amdgcn-amdhsa
OFFLOAD_TARGET_DEFAULT=1
Target: x86_64-linux-gnu
Configured with: ../src/configure -v --with-pkgversion='Ubuntu 13.3.0-6ubuntu2~24.04' --with-bugurl=file:///usr/share/doc/gcc-13/README.Bugs --enable-languages=c,ada,c++,go,d,fortran,objc,obj-c++,m2 --prefix=/usr --with-gcc-major-version-only --program-suffix=-13 --program-prefix=x86_64-linux-gnu- --enable-shared --enable-linker-build-id --libexecdir=/usr/libexec --without-included-gettext --enable-threads=posix --libdir=/usr/lib --enable-nls --enable-bootstrap --enable-clocale=gnu --enable-libstdcxx-debug --enable-libstdcxx-time=yes --with-default-libstdcxx-abi=new --enable-libstdcxx-backtrace --enable-gnu-unique-object --disable-vtable-verify --enable-plugin --enable-default-pie --with-system-zlib --enable-libphobos-checking=release --with-target-system-zlib=auto --enable-objc-gc=auto --enable-multiarch --disable-werror --enable-cet --with-arch-32=i686 --with-abi=m64 --with-multilib-list=m32,m64,mx32 --enable-multilib --with-tune=generic --enable-offload-targets=nvptx-none=/build/gcc-13-fG75Ri/gcc-13-13.3.0/debian/tmp-nvptx/usr,amdgcn-amdhsa=/build/gcc-13-fG75Ri/gcc-13-13.3.0/debian/tmp-gcn/usr --enable-offload-defaulted --without-cuda-driver --enable-checking=release --build=x86_64-linux-gnu --host=x86_64-linux-gnu --target=x86_64-linux-gnu --with-build-config=bootstrap-lto-lean --enable-link-serialization=2
Thread model: posix
Supported LTO compression algorithms: zlib zstd
gcc version 13.3.0 (Ubuntu 13.3.0-6ubuntu2~24.04) 
... rest of stderr output deleted ...
configure:4952: $? = 0
configure:4941: g++ -V >&5
g++: error: unrecognized command-line option '-V'
g++: fatal error: no input files
compilation terminated.
configure:4952: $? = 1
configure:4941: g++ -qversion >&5
g++: error: unrecognized command-line option '-qversion'; did you mean '--version'?
g++: fatal error: no input files
compilation terminated.
configure:4952: $? = 1
configure:4956: checking whether the compiler supports GNU C++
configure:4976: g++ -c  -I/usr/include conftest.cpp >&5
configure:4976: $? = 0
configure:4986: result: yes
configure:4997: checking whether g++ accepts -g
configure:5018: g++ -c -g -I/usr/include conftest.cpp >&5
configure:5018: $? = 0
configure:5062: result: yes
configure:5082: checking for g++ option to enable C++11 features
configure:5097: g++  -c  -I/usr/include conftest.cpp >&5
conftest.cpp: In function 'int main(int, char**)':
conftest.cpp:175:25: warning: empty parentheses were disambiguated as a function declaration [-Wvexing-parse]
  175 |   cxx11test::delegate d2();
      |                         ^~
conftest.cpp:175:25: note: remove parentheses to default-initialize a variable
  175 |   cxx11test::delegate d2();
      |                         ^~
      |                         --
conftest.cpp:175:25: note: or replace parentheses with braces to value-initialize a variable
configure:5097: $? = 0
configure:5115: result: none needed
configure:5184: checking how to run the C preprocessor
configure:5210: gcc -E -I/usr/include conftest.c
configure:5210: $? = 0
configure:5225: gcc -E -I/usr/include conftest.c
conftest.c:9:10: fatal error: ac_nonexistent.h: No such file or directory
    9 | #include <ac_nonexistent.h>
      |          ^~~~~~~~~~~~~~~~~~
compilation terminated.
configure:5225: $? = 1
configure: failed program was:
| /* confdefs.h */
| #define PACKAGE_NAME "fluidity"
| #define PACKAGE_TARNAME "fluidity"
| #define PACKAGE_VERSION "None"
| #define PACKAGE_STRING "fluidity None"
| #define PACKAGE_BUGREPORT ""
| #define PACKAGE_URL ""
| /* end confdefs.h.  */
| #include <ac_nonexistent.h>
configure:5252: result: gcc -E
configure:5266: gcc -E -I/usr/include conftest.c
configure:5266: $? = 0
configure:5281: gcc -E -I/usr/include conftest.c
conftest.c:9:10: fatal error: ac_nonexistent.h: No such file or directory
    9 | #include <ac_nonexistent.h>
      |          ^~~~~~~~~~~~~~~~~~
compilation terminated.
configure:5281: $? = 1
configure: failed program was:
| /* confdefs.h */
| #define PACKAGE_NAME "fluidity"
| #define PACKAGE_TARNAME "fluidity"
| #define PACKAGE_VERSION "None"
| #define PACKAGE_STRING "fluidity None"
| #define PACKAGE_BUGREPORT ""
| #define PACKAGE_URL ""
| /* end confdefs.h.  */
| #include <ac_nonexistent.h>
configure:5324: checking for stdio.h
configure:5324: gcc -c  -I/usr/include conftest.c >&5
configure:5324: $? = 0
configure:5324: result: yes
configure:5324: checking for stdlib.h
configure:5324: gcc -c  -I/usr/include conftest.c >&5
configure:5324: $? = 0
configure:5324: result: yes
configure:5324: checking for string.h
configure:5324: gcc -c  -I/usr/include conftest.c >&5
configure:5324: $? = 0
configure:5324: result: yes
configure:5324: checking for inttypes.h
configure:5324: gcc -c  -I/usr/include conftest.c >&5
configure:5324: $? = 0
configure:5324: result: yes
configure:5324: checking for stdint.h
configure:5324: gcc -c  -I/usr/include conftest.c >&5
configure:5324: $? = 0
configure:5324: result: yes
configure:5324: checking for strings.h
configure:5324: gcc -c  -I/usr/include conftest.c >&5
configure:5324: $? = 0
configure:5324: result: yes
configure:5324: checking for sys/stat.h
configure:5324: gcc -c  -I/usr/include conftest.c >&5
configure:5324: $? = 0
configure:5324: result: yes
configure:5324: checking for sys/types.h
configure:5324: gcc -c  -I/usr/include conftest.c >&5
configure:5324: $? = 0
configure:5324: result: yes
configure:5324: checking for unistd.h
configure:5324: gcc -c  -I/usr/include conftest.c >&5
configure:5324: $? = 0
configure:5324: result: yes
configure:5353: checking size of long int
configure:5359: gcc -o conftest  -I/usr/include  conftest.c  >&5
configure:5359: $? = 0
configure:5359: ./conftest
configure:5359: $? = 0
configure:5374: result: 8
configure:5394: checking how to get verbose linking output from gfortran
configure:5405: gfortran -c -I/usr/include​  conftest.f >&5
f951: Warning: Nonexistent include directory '/usr/include​' [-Wmissing-include-dirs]
configure:5405: $? = 0
configure:5424: gfortran -o conftest -I/usr/include​ -v conftest.f
Using built-in specs.
Target: x86_64-linux-gnu
Thread model: posix
Supported LTO compression algorithms: zlib zstd
gcc version 13.3.0 (Ubuntu 13.3.0-6ubuntu2~24.04) 
 /usr/libexec/gcc/x86_64-linux-gnu/13/f951 conftest.f -ffixed-form -I /usr/include​ -quiet -dumpbase conftest.f -dumpbase-ext .f -mtune=generic -march=x86-64 -version -fintrinsic-modules-path /usr/lib/gcc/x86_64-linux-gnu/13/finclude -fpre-include=/usr/include/finclude/x86_64-linux-gnu/math-vector-fortran.h -o /tmp/cct42CeZ.s
GNU Fortran (Ubuntu 13.3.0-6ubuntu2~24.04) version 13.3.0 (x86_64-linux-gnu)
	compiled by GNU C version 13.3.0, GMP version 6.3.0, MPFR version 4.2.1, MPC version 1.3.1, isl version isl-0.26-GMP

GGC heuristics: --param ggc-min-expand=100 --param ggc-min-heapsize=131072
f951: Warning: Nonexistent include directory '/usr/include​' [-Wmissing-include-dirs]
 as -v -I /usr/include​ --64 -o /tmp/cc5a6PNx.o /tmp/cct42CeZ.s
GNU assembler version 2.42 (x86_64-linux-gnu) using BFD version (GNU Binutils for Ubuntu) 2.42
Reading specs from /usr/lib/gcc/x86_64-linux-gnu/13/libgfortran.spec
rename spec lib to liborig
 /usr/libexec/gcc/x86_64-linux-gnu/13/collect2 -plugin /usr/libexec/gcc/x86_64-linux-gnu/13/liblto_plugin.so -plugin-opt=/usr/libexec/gcc/x86_64-linux-gnu/13/lto-wrapper -plugin-opt=-fresolution=/tmp/ccLBdPjk.res -plugin-opt=-pass-through=-lgcc_s -plugin-opt=-pass-through=-lgcc -plugin-opt=-pass-through=-lquadmath -plugin-opt=-pass-through=-lm -plugin-opt=-pass-through=-lc -plugin-opt=-pass-through=-lgcc_s -plugin-opt=-pass-through=-lgcc --build-id --eh-frame-hdr -m elf_x86_64 --hash-style=gnu --as-needed -dynamic-linker /lib64/ld-linux-x86-64.so.2 -pie -z now -z relro -o conftest /usr/lib/gcc/x86_64-linux-gnu/13/../../../x86_64-linux-gnu/Scrt1.o /usr/lib/gcc/x86_64-linux-gnu/13/../../../x86_64-linux-gnu/crti.o /usr/lib/gcc/x86_64-linux-gnu/13/crtbeginS.o -L/usr/lib/gcc/x86_64-linux-gnu/13 -L/usr/lib/gcc/x86_64-linux-gnu/13/../../../x86_64-linux-gnu -L/usr/lib/gcc/x86_64-linux-gnu/13/../../../../lib -L/lib/x86_64-linux-gnu -L/lib/../lib -L/usr/lib/x86_64-linux-gnu -L/usr/lib/../lib -L/usr/lib/gcc/x86_64-linux-gnu/13/../../.. /tmp/cc5a6PNx.o -lgfortran -lm -lgcc_s -lgcc --as-needed -lquadmath --no-as-needed -lm -lc -lgcc_s -lgcc /usr/lib/gcc/x86_64-linux-gnu/13/crtendS.o /usr/lib/gcc/x86_64-linux-gnu/13/../../../x86_64-linux-gnu/crtn.o
configure:5507: result: -v
configure:5509: checking for Fortran libraries of gfortran
configure:5533: gfortran -o conftest -I/usr/include​ -v conftest.f
Using built-in specs.
Target: x86_64-linux-gnu
Thread model: posix
Supported LTO compression algorithms: zlib zstd
gcc version 13.3.0 (Ubuntu 13.3.0-6ubuntu2~24.04) 
 /usr/libexec/gcc/x86_64-linux-gnu/13/f951 conftest.f -ffixed-form -I /usr/include​ -quiet -dumpbase conftest.f -dumpbase-ext .f -mtune=generic -march=x86-64 -version -fintrinsic-modules-path /usr/lib/gcc/x86_64-linux-gnu/13/finclude -fpre-include=/usr/include/finclude/x86_64-linux-gnu/math-vector-fortran.h -o /tmp/ccNRoMf1.s
GNU Fortran (Ubuntu 13.3.0-6ubuntu2~24.04) version 13.3.0 (x86_64-linux-gnu)
	compiled by GNU C version 13.3.0, GMP version 6.3.0, MPFR version 4.2.1, MPC version 1.3.1, isl version isl-0.26-GMP

GGC heuristics: --param ggc-min-expand=100 --param ggc-min-heapsize=131072
f951: Warning: Nonexistent include directory '/usr/include​' [-Wmissing-include-dirs]
 as -v -I /usr/include​ --64 -o /tmp/ccMNK3g0.o /tmp/ccNRoMf1.s
GNU assembler version 2.42 (x86_64-linux-gnu) using BFD version (GNU Binutils for Ubuntu) 2.42
Reading specs from /usr/lib/gcc/x86_64-linux-gnu/13/libgfortran.spec
rename spec lib to liborig
 /usr/libexec/gcc/x86_64-linux-gnu/13/collect2 -plugin /usr/libexec/gcc/x86_64-linux-gnu/13/liblto_plugin.so -plugin-opt=/usr/libexec/gcc/x86_64-linux-gnu/13/lto-wrapper -plugin-opt=-fresolution=/tmp/ccAKwbh4.res -plugin-opt=-pass-through=-lgcc_s -plugin-opt=-pass-through=-lgcc -plugin-opt=-pass-through=-lquadmath -plugin-opt=-pass-through=-lm -plugin-opt=-pass-through=-lc -plugin-opt=-pass-through=-lgcc_s -plugin-opt=-pass-through=-lgcc --build-id --eh-frame-hdr -m elf_x86_64 --hash-style=gnu --as-needed -dynamic-linker /lib64/ld-linux-x86-64.so.2 -pie -z now -z relro -o conftest /usr/lib/gcc/x86_64-linux-gnu/13/../../../x86_64-linux-gnu/Scrt1.o /usr/lib/gcc/x86_64-linux-gnu/13/../../../x86_64-linux-gnu/crti.o /usr/lib/gcc/x86_64-linux-gnu/13/crtbeginS.o -L/usr/lib/gcc/x86_64-linux-gnu/13 -L/usr/lib/gcc/x86_64-linux-gnu/13/../../../x86_64-linux-gnu -L/usr/lib/gcc/x86_64-linux-gnu/13/../../../../lib -L/lib/x86_64-linux-gnu -L/lib/../lib -L/usr/lib/x86_64-linux-gnu -L/usr/lib/../lib -L/usr/lib/gcc/x86_64-linux-gnu/13/../../.. /tmp/ccMNK3g0.o -lgfortran -lm -lgcc_s -lgcc --as-needed -lquadmath --no-as-needed -lm -lc -lgcc_s -lgcc /usr/lib/gcc/x86_64-linux-gnu/13/crtendS.o /usr/lib/gcc/x86_64-linux-gnu/13/../../../x86_64-linux-gnu/crtn.o
configure:5749: result:  -L/usr/lib/gcc/x86_64-linux-gnu/13 -L/usr/lib/gcc/x86_64-linux-gnu/13/../../../x86_64-linux-gnu -L/usr/lib/gcc/x86_64-linux-gnu/13/../../../../lib -L/lib/x86_64-linux-gnu -L/lib/../lib -L/usr/lib/x86_64-linux-gnu -L/usr/lib/../lib -L/usr/lib/gcc/x86_64-linux-gnu/13/../../.. -lgfortran -lm -lquadmath
configure:5766: checking how to get verbose linking output from gfortran
configure:5777: gfortran -c  conftest.f >&5
configure:5777: $? = 0
configure:5796: gfortran -o conftest -v conftest.f
Using built-in specs.
Target: x86_64-linux-gnu
Thread model: posix
Supported LTO compression algorithms: zlib zstd
gcc version 13.3.0 (Ubuntu 13.3.0-6ubuntu2~24.04) 
 /usr/libexec/gcc/x86_64-linux-gnu/13/f951 conftest.f -ffixed-form -quiet -dumpbase conftest.f -dumpbase-ext .f -mtune=generic -march=x86-64 -version -fintrinsic-modules-path /usr/lib/gcc/x86_64-linux-gnu/13/finclude -fpre-include=/usr/include/finclude/x86_64-linux-gnu/math-vector-fortran.h -o /tmp/ccPdIjRE.s
GNU Fortran (Ubuntu 13.3.0-6ubuntu2~24.04) version 13.3.0 (x86_64-linux-gnu)
	compiled by GNU C version 13.3.0, GMP version 6.3.0, MPFR version 4.2.1, MPC version 1.3.1, isl version isl-0.26-GMP

GGC heuristics: --param ggc-min-expand=100 --param ggc-min-heapsize=131072
 as -v --64 -o /tmp/cc61S7MQ.o /tmp/ccPdIjRE.s
GNU assembler version 2.42 (x86_64-linux-gnu) using BFD version (GNU Binutils for Ubuntu) 2.42
Reading specs from /usr/lib/gcc/x86_64-linux-gnu/13/libgfortran.spec
rename spec lib to liborig
 /usr/libexec/gcc/x86_64-linux-gnu/13/collect2 -plugin /usr/libexec/gcc/x86_64-linux-gnu/13/liblto_plugin.so -plugin-opt=/usr/libexec/gcc/x86_64-linux-gnu/13/lto-wrapper -plugin-opt=-fresolution=/tmp/ccM9R6fc.res -plugin-opt=-pass-through=-lgcc_s -plugin-opt=-pass-through=-lgcc -plugin-opt=-pass-through=-lquadmath -plugin-opt=-pass-through=-lm -plugin-opt=-pass-through=-lc -plugin-opt=-pass-through=-lgcc_s -plugin-opt=-pass-through=-lgcc --build-id --eh-frame-hdr -m elf_x86_64 --hash-style=gnu --as-needed -dynamic-linker /lib64/ld-linux-x86-64.so.2 -pie -z now -z relro -o conftest /usr/lib/gcc/x86_64-linux-gnu/13/../../../x86_64-linux-gnu/Scrt1.o /usr/lib/gcc/x86_64-linux-gnu/13/../../../x86_64-linux-gnu/crti.o /usr/lib/gcc/x86_64-linux-gnu/13/crtbeginS.o -L/usr/lib/gcc/x86_64-linux-gnu/13 -L/usr/lib/gcc/x86_64-linux-gnu/13/../../../x86_64-linux-gnu -L/usr/lib/gcc/x86_64-linux-gnu/13/../../../../lib -L/lib/x86_64-linux-gnu -L/lib/../lib -L/usr/lib/x86_64-linux-gnu -L/usr/lib/../lib -L/usr/lib/gcc/x86_64-linux-gnu/13/../../.. /tmp/cc61S7MQ.o -lgfortran -lm -lgcc_s -lgcc --as-needed -lquadmath --no-as-needed -lm -lc -lgcc_s -lgcc /usr/lib/gcc/x86_64-linux-gnu/13/crtendS.o /usr/lib/gcc/x86_64-linux-gnu/13/../../../x86_64-linux-gnu/crtn.o
configure:5879: result: -v
configure:5881: checking for Fortran 77 libraries of gfortran
configure:5905: gfortran -o conftest -v conftest.f
Using built-in specs.
Target: x86_64-linux-gnu
Thread model: posix
Supported LTO compression algorithms: zlib zstd
gcc version 13.3.0 (Ubuntu 13.3.0-6ubuntu2~24.04) 
 /usr/libexec/gcc/x86_64-linux-gnu/13/f951 conftest.f -ffixed-form -quiet -dumpbase conftest.f -dumpbase-ext .f -mtune=generic -march=x86-64 -version -fintrinsic-modules-path /usr/lib/gcc/x86_64-linux-gnu/13/finclude -fpre-include=/usr/include/finclude/x86_64-linux-gnu/math-vector-fortran.h -o /tmp/cc4aD7Fp.s
GNU Fortran (Ubuntu 13.3.0-6ubuntu2~24.04) version 13.3.0 (x86_64-linux-gnu)
	compiled by GNU C version 13.3.0, GMP version 6.3.0, MPFR version 4.2.1, MPC version 1.3.1, isl version isl-0.26-GMP

GGC heuristics: --param ggc-min-expand=100 --param ggc-min-heapsize=131072
 as -v --64 -o /tmp/ccsUwijj.o /tmp/cc4aD7Fp.s
GNU assembler version 2.42 (x86_64-linux-gnu) using BFD version (GNU Binutils for Ubuntu) 2.42
Reading specs from /usr/lib/gcc/x86_64-linux-gnu/13/libgfortran.spec
rename spec lib to liborig
 /usr/libexec/gcc/x86_64-linux-gnu/13/collect2 -plugin /usr/libexec/gcc/x86_64-linux-gnu/13/liblto_plugin.so -plugin-opt=/usr/libexec/gcc/x86_64-linux-gnu/13/lto-wrapper -plugin-opt=-fresolution=/tmp/ccqCGVUB.res -plugin-opt=-pass-through=-lgcc_s -plugin-opt=-pass-through=-lgcc -plugin-opt=-pass-through=-lquadmath -plugin-opt=-pass-through=-lm -plugin-opt=-pass-through=-lc -plugin-opt=-pass-through=-lgcc_s -plugin-opt=-pass-through=-lgcc --build-id --eh-frame-hdr -m elf_x86_64 --hash-style=gnu --as-needed -dynamic-linker /lib64/ld-linux-x86-64.so.2 -pie -z now -z relro -o conftest /usr/lib/gcc/x86_64-linux-gnu/13/../../../x86_64-linux-gnu/Scrt1.o /usr/lib/gcc/x86_64-linux-gnu/13/../../../x86_64-linux-gnu/crti.o /usr/lib/gcc/x86_64-linux-gnu/13/crtbeginS.o -L/usr/lib/gcc/x86_64-linux-gnu/13 -L/usr/lib/gcc/x86_64-linux-gnu/13/../../../x86_64-linux-gnu -L/usr/lib/gcc/x86_64-linux-gnu/13/../../../../lib -L/lib/x86_64-linux-gnu -L/lib/../lib -L/usr/lib/x86_64-linux-gnu -L/usr/lib/../lib -L/usr/lib/gcc/x86_64-linux-gnu/13/../../.. /tmp/ccsUwijj.o -lgfortran -lm -lgcc_s -lgcc --as-needed -lquadmath --no-as-needed -lm -lc -lgcc_s -lgcc /usr/lib/gcc/x86_64-linux-gnu/13/crtendS.o /usr/lib/gcc/x86_64-linux-gnu/13/../../../x86_64-linux-gnu/crtn.o
configure:6121: result:  -L/usr/lib/gcc/x86_64-linux-gnu/13 -L/usr/lib/gcc/x86_64-linux-gnu/13/../../../x86_64-linux-gnu -L/usr/lib/gcc/x86_64-linux-gnu/13/../../../../lib -L/lib/x86_64-linux-gnu -L/lib/../lib -L/usr/lib/x86_64-linux-gnu -L/usr/lib/../lib -L/usr/lib/gcc/x86_64-linux-gnu/13/../../.. -lgfortran -lm -lquadmath
configure:6137: checking for dummy main to link with Fortran 77 libraries
configure:6172: gcc -o conftest  -I/usr/include  conftest.c   -L/usr/lib/gcc/x86_64-linux-gnu/13 -L/usr/lib/gcc/x86_64-linux-gnu/13/../../../x86_64-linux-gnu -L/usr/lib/gcc/x86_64-linux-gnu/13/../../../../lib -L/lib/x86_64-linux-gnu -L/lib/../lib -L/usr/lib/x86_64-linux-gnu -L/usr/lib/../lib -L/usr/lib/gcc/x86_64-linux-gnu/13/../../.. -lgfortran -lm -lquadmath >&5
configure:6172: $? = 0
configure:6219: result: none
configure:6251: checking for Fortran 77 name-mangling scheme
configure:6265: gfortran -c  conftest.f >&5
configure:6265: $? = 0
configure:6304: gcc -o conftest  -I/usr/include  conftest.c cfortran_test.o   -L/usr/lib/gcc/x86_64-linux-gnu/13 -L/usr/lib/gcc/x86_64-linux-gnu/13/../../../x86_64-linux-gnu -L/usr/lib/gcc/x86_64-linux-gnu/13/../../../../lib -L/lib/x86_64-linux-gnu -L/lib/../lib -L/usr/lib/x86_64-linux-gnu -L/usr/lib/../lib -L/usr/lib/gcc/x86_64-linux-gnu/13/../../.. -lgfortran -lm -lquadmath >&5
/usr/bin/ld: /tmp/ccNvnV1t.o: in function `main':
conftest.c:(.text+0xe): undefined reference to `foobar'
collect2: error: ld returned 1 exit status
configure:6304: $? = 1
configure: failed program was:
| /* confdefs.h */
| #define PACKAGE_NAME "fluidity"
| #define PACKAGE_TARNAME "fluidity"
| #define PACKAGE_VERSION "None"
| #define PACKAGE_STRING "fluidity None"
| #define PACKAGE_BUGREPORT ""
| #define PACKAGE_URL ""
| #define HAVE_STDIO_H 1
| #define HAVE_STDLIB_H 1
| #define HAVE_STRING_H 1
| #define HAVE_INTTYPES_H 1
| #define HAVE_STDINT_H 1
| #define HAVE_STRINGS_H 1
| #define HAVE_SYS_STAT_H 1
| #define HAVE_SYS_TYPES_H 1
| #define HAVE_UNISTD_H 1
| #define STDC_HEADERS 1
| #define SIZEOF_LONG_INT 8
| #define LONG_64_BITS 1
| /* end confdefs.h.  */
| 
| /* Override any GCC internal prototype to avoid an error.
|    Use char because int might match the return type of a GCC
|    builtin and then its argument prototype would still apply.  */
| char foobar ();
| #ifdef F77_DUMMY_MAIN
| 
| #  ifdef __cplusplus
|      extern "C"
| #  endif
|    int F77_DUMMY_MAIN() { return 1; }
| 
| #endif
| int
| main (void)
| {
| return foobar ();
|   ;
|   return 0;
| }
configure:6304: gcc -o conftest  -I/usr/include  conftest.c cfortran_test.o   -L/usr/lib/gcc/x86_64-linux-gnu/13 -L/usr/lib/gcc/x86_64-linux-gnu/13/../../../x86_64-linux-gnu -L/usr/lib/gcc/x86_64-linux-gnu/13/../../../../lib -L/lib/x86_64-linux-gnu -L/lib/../lib -L/usr/lib/x86_64-linux-gnu -L/usr/lib/../lib -L/usr/lib/gcc/x86_64-linux-gnu/13/../../.. -lgfortran -lm -lquadmath >&5
configure:6304: $? = 0
configure:6360: gcc -o conftest  -I/usr/include  conftest.c cfortran_test.o   -L/usr/lib/gcc/x86_64-linux-gnu/13 -L/usr/lib/gcc/x86_64-linux-gnu/13/../../../x86_64-linux-gnu -L/usr/lib/gcc/x86_64-linux-gnu/13/../../../../lib -L/lib/x86_64-linux-gnu -L/lib/../lib -L/usr/lib/x86_64-linux-gnu -L/usr/lib/../lib -L/usr/lib/gcc/x86_64-linux-gnu/13/../../.. -lgfortran -lm -lquadmath >&5
configure:6360: $? = 0
configure:6403: result: lower case, underscore, no extra underscore
configure:6487: checking for python
configure:6508: found /home/jfv00/multifluids_icferst/.venv/bin/python
configure:6519: result: yes
configure:6553: checking for python3
configure:6576: found /home/jfv00/multifluids_icferst/.venv/bin/python3
configure:6588: result: /home/jfv00/multifluids_icferst/.venv/bin/python3
configure:6610: checking for a version of Python >= '2.1.0'
configure:6650: result: yes
configure:6663: checking for a version of Python >= '3.6'
configure:6690: result: yes
configure:6718: checking for the sysconfig Python package
configure:6722: result: yes
configure:6756: checking for Python include path
configure:6781: result: -I/usr/include/python3.12
configure:6788: checking for Python library path
configure:6875: result: -L/usr/lib/x86_64-linux-gnu -lpython3.12
configure:6882: checking for Python site-packages path
configure:6906: result: /usr/local/lib/python3.12/site-packages
configure:6913: checking for Python platform specific site-packages path
configure:6937: result: /usr/local/lib/python3.12/site-packages
configure:6944: checking python extra libraries
configure:6951: result: -ldl -lm
configure:6958: checking python extra linking flags
configure:6967: result: -Xlinker -export-dynamic -Wl,-O1 -Wl,-Bsymbolic-functions
configure:6974: checking consistency of all components of python development environment
configure:7010: gcc -o conftest  -I/usr/include -I/usr/include/python3.12  -Xlinker -export-dynamic -Wl,-O1 -Wl,-Bsymbolic-functions conftest.c  -L/usr/lib/x86_64-linux-gnu -lpython3.12 -ldl -lm >&5
configure:7010: $? = 0
configure:7029: result: yes
configure:7106: Failed to import (optional) python module assess
configure:9283: checking the position of the stars to help find a versions of BLAS
configure:9403: checking for builtin sgemm
configure:9410: gfortran -o conftest   conftest.f  -L/usr/lib/x86_64-linux-gnu -lpython3.12 -Xlinker -export-dynamic -Wl,-O1 -Wl,-Bsymbolic-functions -ldl -lm >&5
/usr/bin/ld: /tmp/cc4q7ESn.o: in function `MAIN__':
conftest.f:(.text+0xa): undefined reference to `sgemm_'
collect2: error: ld returned 1 exit status
configure:9410: $? = 1
configure: failed program was:
|       program main
|       call sgemm
|       end
configure:9416: result: no
configure:9424: checking for sgemm in -lmkl_def
configure:9437: gfortran -o conftest   conftest.f -lmkl_def -lm  -L/usr/lib/x86_64-linux-gnu -lpython3.12 -Xlinker -export-dynamic -Wl,-O1 -Wl,-Bsymbolic-functions -ldl -lm >&5
/usr/bin/ld: cannot find -lmkl_def: No such file or directory
collect2: error: ld returned 1 exit status
configure:9437: $? = 1
configure: failed program was:
|       program main
|       call sgemm
|       end
configure:9448: result: no
configure:9458: checking for sgemm in -lmkl_ipf
configure:9471: gfortran -o conftest   conftest.f -lmkl_ipf -lguide -lm  -L/usr/lib/x86_64-linux-gnu -lpython3.12 -Xlinker -export-dynamic -Wl,-O1 -Wl,-Bsymbolic-functions -ldl -lm >&5
/usr/bin/ld: cannot find -lmkl_ipf: No such file or directory
/usr/bin/ld: cannot find -lguide: No such file or directory
collect2: error: ld returned 1 exit status
configure:9471: $? = 1
configure: failed program was:
|       program main
|       call sgemm
|       end
configure:9482: result: no
configure:9492: checking for sgemm in -lmkl_em64t
configure:9505: gfortran -o conftest   conftest.f -lmkl_em64t -lguide -liomp5  -L/usr/lib/x86_64-linux-gnu -lpython3.12 -Xlinker -export-dynamic -Wl,-O1 -Wl,-Bsymbolic-functions -ldl -lm >&5
/usr/bin/ld: cannot find -lmkl_em64t: No such file or directory
/usr/bin/ld: cannot find -lguide: No such file or directory
/usr/bin/ld: cannot find -liomp5: No such file or directory
collect2: error: ld returned 1 exit status
configure:9505: $? = 1
configure: failed program was:
|       program main
|       call sgemm
|       end
configure:9516: result: no
configure:9526: trying Intel MKL < 7:
configure:9529: checking for lsame in -lmkl_lapack
configure:9542: gfortran -o conftest   conftest.f -lmkl_lapack   -L/usr/lib/x86_64-linux-gnu -lpython3.12 -Xlinker -export-dynamic -Wl,-O1 -Wl,-Bsymbolic-functions -ldl -lm >&5
/usr/bin/ld: cannot find -lmkl_lapack: No such file or directory
collect2: error: ld returned 1 exit status
configure:9542: $? = 1
configure: failed program was:
|       program main
|       call lsame
|       end
configure:9552: result: no
configure:9595: Intel MKL < 7... no
configure:9602: checking for sgemm in -lacml
configure:9615: gfortran -o conftest   conftest.f -lacml   -L/usr/lib/x86_64-linux-gnu -lpython3.12 -Xlinker -export-dynamic -Wl,-O1 -Wl,-Bsymbolic-functions -ldl -lm >&5
/usr/bin/ld: cannot find -lacml: No such file or directory
collect2: error: ld returned 1 exit status
configure:9615: $? = 1
configure: failed program was:
|       program main
|       call sgemm
|       end
configure:9626: result: no
configure:9638: checking for sgemm in -lf77blas
configure:9651: gfortran -o conftest   conftest.f -lf77blas -latlas  -L/usr/lib/x86_64-linux-gnu -lpython3.12 -Xlinker -export-dynamic -Wl,-O1 -Wl,-Bsymbolic-functions -ldl -lm >&5
/usr/bin/ld: cannot find -lf77blas: No such file or directory
/usr/bin/ld: cannot find -latlas: No such file or directory
collect2: error: ld returned 1 exit status
configure:9651: $? = 1
configure: failed program was:
|       program main
|       call sgemm
|       end
configure:9662: result: no
configure:9674: checking for sgemm in -lveclib
configure:9687: gfortran -o conftest   conftest.f -lveclib   -L/usr/lib/x86_64-linux-gnu -lpython3.12 -Xlinker -export-dynamic -Wl,-O1 -Wl,-Bsymbolic-functions -ldl -lm >&5
/usr/bin/ld: cannot find -lveclib: No such file or directory
collect2: error: ld returned 1 exit status
configure:9687: $? = 1
configure: failed program was:
|       program main
|       call sgemm
|       end
configure:9698: result: no
configure:9709: trying PhiPACK:
configure:9712: checking for sgemm in -lblas
configure:9725: gfortran -o conftest   conftest.f -lblas   -L/usr/lib/x86_64-linux-gnu -lpython3.12 -Xlinker -export-dynamic -Wl,-O1 -Wl,-Bsymbolic-functions -ldl -lm >&5
configure:9725: $? = 0
configure:9736: result: yes
configure:9740: checking for dgemm in -ldgemm
configure:9753: gfortran -o conftest   conftest.f -ldgemm -lblas  -L/usr/lib/x86_64-linux-gnu -lpython3.12 -Xlinker -export-dynamic -Wl,-O1 -Wl,-Bsymbolic-functions -ldl -lm >&5
/usr/bin/ld: cannot find -ldgemm: No such file or directory
collect2: error: ld returned 1 exit status
configure:9753: $? = 1
configure: failed program was:
|       program main
|       call dgemm
|       end
configure:9763: result: no
configure:9804: PhiPACK... no
configure:9811: checking for sgemm in -lcxml
configure:9824: gfortran -o conftest   conftest.f -lcxml   -L/usr/lib/x86_64-linux-gnu -lpython3.12 -Xlinker -export-dynamic -Wl,-O1 -Wl,-Bsymbolic-functions -ldl -lm >&5
/usr/bin/ld: cannot find -lcxml: No such file or directory
collect2: error: ld returned 1 exit status
configure:9824: $? = 1
configure: failed program was:
|       program main
|       call sgemm
|       end
configure:9835: result: no
configure:9847: checking for sgemm in -ldxml
configure:9860: gfortran -o conftest   conftest.f -ldxml   -L/usr/lib/x86_64-linux-gnu -lpython3.12 -Xlinker -export-dynamic -Wl,-O1 -Wl,-Bsymbolic-functions -ldl -lm >&5
/usr/bin/ld: cannot find -ldxml: No such file or directory
collect2: error: ld returned 1 exit status
configure:9860: $? = 1
configure: failed program was:
|       program main
|       call sgemm
|       end
configure:9871: result: no
configure:9952: checking for sgemm in -lscs
configure:9965: gfortran -o conftest   conftest.f -lscs   -L/usr/lib/x86_64-linux-gnu -lpython3.12 -Xlinker -export-dynamic -Wl,-O1 -Wl,-Bsymbolic-functions -ldl -lm >&5
/usr/bin/ld: cannot find -lscs: No such file or directory
collect2: error: ld returned 1 exit status
configure:9965: $? = 1
configure: failed program was:
|       program main
|       call sgemm
|       end
configure:9976: result: no
configure:9988: checking for sgemm in -lcomplib.sgimath
configure:10001: gfortran -o conftest   conftest.f -lcomplib.sgimath   -L/usr/lib/x86_64-linux-gnu -lpython3.12 -Xlinker -export-dynamic -Wl,-O1 -Wl,-Bsymbolic-functions -ldl -lm >&5
/usr/bin/ld: cannot find -lcomplib.sgimath: No such file or directory
collect2: error: ld returned 1 exit status
configure:10001: $? = 1
configure: failed program was:
|       program main
|       call sgemm
|       end
configure:10012: result: no
configure:10024: trying IBM ESSL:
configure:10027: checking for sgemm in -lblas
configure:10040: gfortran -o conftest   conftest.f -lblas   -L/usr/lib/x86_64-linux-gnu -lpython3.12 -Xlinker -export-dynamic -Wl,-O1 -Wl,-Bsymbolic-functions -ldl -lm >&5
configure:10040: $? = 0
configure:10051: result: yes
configure:10056: checking for sgemm in -lessl
configure:10069: gfortran -o conftest   conftest.f -lessl -lblas  -L/usr/lib/x86_64-linux-gnu -lpython3.12 -Xlinker -export-dynamic -Wl,-O1 -Wl,-Bsymbolic-functions -ldl -lm >&5
/usr/bin/ld: cannot find -lessl: No such file or directory
collect2: error: ld returned 1 exit status
configure:10069: $? = 1
configure: failed program was:
|       program main
|       call sgemm
|       end
configure:10080: result: no
configure:10090: IBM ESSL... no
configure:10098: checking for sgemm in -lblas
configure:10111: gfortran -o conftest   conftest.f -lblas   -L/usr/lib/x86_64-linux-gnu -lpython3.12 -Xlinker -export-dynamic -Wl,-O1 -Wl,-Bsymbolic-functions -ldl -lm >&5
configure:10111: $? = 0
configure:10122: result: yes
configure:10332: checking for dsyev in -lmkl_lapack
configure:10345: gfortran -o conftest    conftest.f -lmkl_lapack   -L/usr/lib/x86_64-linux-gnu -lpython3.12 -Xlinker -export-dynamic -Wl,-O1 -Wl,-Bsymbolic-functions -ldl -lm >&5
/usr/bin/ld: cannot find -lmkl_lapack: No such file or directory
collect2: error: ld returned 1 exit status
configure:10345: $? = 1
configure: failed program was:
|       program main
|       call dsyev
|       end
configure:10356: result: no
configure:10368: checking for dsyev in -lsunperf
configure:10381: gfortran -o conftest    conftest.f -lsunperf   -L/usr/lib/x86_64-linux-gnu -lpython3.12 -Xlinker -export-dynamic -Wl,-O1 -Wl,-Bsymbolic-functions -ldl -lm >&5
/usr/bin/ld: cannot find -lsunperf: No such file or directory
collect2: error: ld returned 1 exit status
configure:10381: $? = 1
configure: failed program was:
|       program main
|       call dsyev
|       end
configure:10392: result: no
configure:10403: checking for dsyev in BLAS library
configure:10410: gfortran -o conftest    conftest.f  -L/usr/lib/x86_64-linux-gnu -lpython3.12 -Xlinker -export-dynamic -Wl,-O1 -Wl,-Bsymbolic-functions -ldl -lm >&5
/usr/bin/ld: /tmp/ccHnrEvX.o: in function `MAIN__':
conftest.f:(.text+0xa): undefined reference to `dsyev_'
collect2: error: ld returned 1 exit status
configure:10410: $? = 1
configure: failed program was:
|       program main
|       call dsyev
|       end
configure:10416: result: no
configure:10423: checking for dsyev in -llapack
configure:10436: gfortran -o conftest    conftest.f -llapack   -L/usr/lib/x86_64-linux-gnu -lpython3.12 -Xlinker -export-dynamic -Wl,-O1 -Wl,-Bsymbolic-functions -ldl -lm >&5
configure:10436: $? = 0
configure:10447: result: yes
configure:10487: checking for main in -lstdc++
configure:10523: gcc -o conftest  -I/usr/include/python3.12 -I/usr/include -I/usr/include/python3.12    conftest.c -lstdc++   -L/usr/lib/x86_64-linux-gnu -lpython3.12 -Xlinker -export-dynamic -Wl,-O1 -Wl,-Bsymbolic-functions -ldl -lm >&5
configure:10523: $? = 0
configure:10533: result: yes
configure:10543: checking for main in -lm
configure:10579: gcc -o conftest  -I/usr/include/python3.12 -I/usr/include -I/usr/include/python3.12    conftest.c -lm  -lstdc++  -L/usr/lib/x86_64-linux-gnu -lpython3.12 -Xlinker -export-dynamic -Wl,-O1 -Wl,-Bsymbolic-functions -ldl -lm >&5
configure:10579: $? = 0
configure:10589: result: yes
configure:10599: checking for main in -lpthread
configure:10635: gcc -o conftest  -I/usr/include/python3.12 -I/usr/include -I/usr/include/python3.12    conftest.c -lpthread  -lm -lstdc++  -L/usr/lib/x86_64-linux-gnu -lpython3.12 -Xlinker -export-dynamic -Wl,-O1 -Wl,-Bsymbolic-functions -ldl -lm >&5
configure:10635: $? = 0
configure:10645: result: yes
configure:10655: checking for library containing utInit
configure:10701: gcc -o conftest  -I/usr/include/python3.12 -I/usr/include -I/usr/include/python3.12    conftest.c -lpthread -lm -lstdc++  -L/usr/lib/x86_64-linux-gnu -lpython3.12 -Xlinker -export-dynamic -Wl,-O1 -Wl,-Bsymbolic-functions -ldl -lm >&5
/usr/bin/ld: /tmp/ccexGoyZ.o: in function `main':
conftest.c:(.text+0xe): undefined reference to `utInit'
collect2: error: ld returned 1 exit status
configure:10701: $? = 1
configure: failed program was:
| /* confdefs.h */
| #define PACKAGE_NAME "fluidity"
| #define PACKAGE_TARNAME "fluidity"
| #define PACKAGE_VERSION "None"
| #define PACKAGE_STRING "fluidity None"
| #define PACKAGE_BUGREPORT ""
| #define PACKAGE_URL ""
| #define HAVE_STDIO_H 1
| #define HAVE_STDLIB_H 1
| #define HAVE_STRING_H 1
| #define HAVE_INTTYPES_H 1
| #define HAVE_STDINT_H 1
| #define HAVE_STRINGS_H 1
| #define HAVE_SYS_STAT_H 1
| #define HAVE_SYS_TYPES_H 1
| #define HAVE_UNISTD_H 1
| #define STDC_HEADERS 1
| #define SIZEOF_LONG_INT 8
| #define LONG_64_BITS 1
| #define F77_FUNC(name,NAME) name ## _
| #define F77_FUNC_(name,NAME) name ## _
| #define HAVE_PYTHON "3.12"
| #define HAVE_BLAS 1
| #define HAVE_LAPACK 1
| #define HAVE_LIBSTDC__ 1
| #define HAVE_LIBM 1
| #define HAVE_LIBPTHREAD 1
| /* end confdefs.h.  */
| 
| /* Override any GCC internal prototype to avoid an error.
|    Use char because int might match the return type of a GCC
|    builtin and then its argument prototype would still apply.  */
| char utInit ();
| #ifdef F77_DUMMY_MAIN
| 
| #  ifdef __cplusplus
|      extern "C"
| #  endif
|    int F77_DUMMY_MAIN() { return 1; }
| 
| #endif
| #ifdef FC_DUMMY_MAIN
| #ifndef FC_DUMMY_MAIN_EQ_F77
| #  ifdef __cplusplus
|      extern "C"
| #  endif
|    int FC_DUMMY_MAIN() { return 1; }
| #endif
| #endif
| int
| main (void)
| {
| return utInit ();
|   ;
|   return 0;
| }
configure:10701: gcc -o conftest  -I/usr/include/python3.12 -I/usr/include -I/usr/include/python3.12    conftest.c -ludunits  -lpthread -lm -lstdc++  -L/usr/lib/x86_64-linux-gnu -lpython3.12 -Xlinker -export-dynamic -Wl,-O1 -Wl,-Bsymbolic-functions -ldl -lm >&5
/usr/bin/ld: cannot find -ludunits: No such file or directory
collect2: error: ld returned 1 exit status
configure:10701: $? = 1
configure: failed program was:
| /* confdefs.h */
| #define PACKAGE_NAME "fluidity"
| #define PACKAGE_TARNAME "fluidity"
| #define PACKAGE_VERSION "None"
| #define PACKAGE_STRING "fluidity None"
| #define PACKAGE_BUGREPORT ""
| #define PACKAGE_URL ""
| #define HAVE_STDIO_H 1
| #define HAVE_STDLIB_H 1
| #define HAVE_STRING_H 1
| #define HAVE_INTTYPES_H 1
| #define HAVE_STDINT_H 1
| #define HAVE_STRINGS_H 1
| #define HAVE_SYS_STAT_H 1
| #define HAVE_SYS_TYPES_H 1
| #define HAVE_UNISTD_H 1
| #define STDC_HEADERS 1
| #define SIZEOF_LONG_INT 8
| #define LONG_64_BITS 1
| #define F77_FUNC(name,NAME) name ## _
| #define F77_FUNC_(name,NAME) name ## _
| #define HAVE_PYTHON "3.12"
| #define HAVE_BLAS 1
| #define HAVE_LAPACK 1
| #define HAVE_LIBSTDC__ 1
| #define HAVE_LIBM 1
| #define HAVE_LIBPTHREAD 1
| /* end confdefs.h.  */
| 
| /* Override any GCC internal prototype to avoid an error.
|    Use char because int might match the return type of a GCC
|    builtin and then its argument prototype would still apply.  */
| char utInit ();
| #ifdef F77_DUMMY_MAIN
| 
| #  ifdef __cplusplus
|      extern "C"
| #  endif
|    int F77_DUMMY_MAIN() { return 1; }
| 
| #endif
| #ifdef FC_DUMMY_MAIN
| #ifndef FC_DUMMY_MAIN_EQ_F77
| #  ifdef __cplusplus
|      extern "C"
| #  endif
|    int FC_DUMMY_MAIN() { return 1; }
| #endif
| #endif
| int
| main (void)
| {
| return utInit ();
|   ;
|   return 0;
| }
configure:10701: gcc -o conftest  -I/usr/include/python3.12 -I/usr/include -I/usr/include/python3.12    conftest.c -ludunits2  -lpthread -lm -lstdc++  -L/usr/lib/x86_64-linux-gnu -lpython3.12 -Xlinker -export-dynamic -Wl,-O1 -Wl,-Bsymbolic-functions -ldl -lm >&5
configure:10701: $? = 0
configure:10721: result: -ludunits2
configure:10872: checking "Checking for -funroll-loops"
configure:10889: gfortran -c -funroll-loops conftest.f >&5
configure:10889: $? = 0
configure:10892: result: -funroll-loops works
configure:10923: checking "Checking for -fno-realloc-lhs"
configure:10939: gfortran -c -fno-realloc-lhs  conftest.f >&5
configure:10939: $? = 0
configure:10942: result: -fno-realloc-lhs works, adding to FCFLAGS
configure:10970: checking how do we get fortran 77 to allow long lines
configure:10981: gfortran -c -ffast-math -frecord-marker=4  -fno-realloc-lhs conftest.f >&5
conftest.f:3:16:

    3 |       PRINT*, "hello world                                                                                 "
      |                1
Error: Unterminated character constant beginning at (1)
configure:10981: $? = 1
configure: failed program was:
|       program main
| 
|       PRINT*, "hello world                                                                                 "
| 
|       end
configure:11001: gfortran -c -extend_source conftest.f >&5
conftest.f:3:16:

    3 |       PRINT*, "hello world                                                                                 "
      |                1
Error: Unterminated character constant beginning at (1)
configure:11001: $? = 1
configure: failed program was:
|       program main
| 
|       PRINT*, "hello world                                                                                 "
| 
|       end
configure:11021: gfortran -c -extend-source conftest.f >&5
conftest.f:3:16:

    3 |       PRINT*, "hello world                                                                                 "
      |                1
Error: Unterminated character constant beginning at (1)
configure:11021: $? = 1
configure: failed program was:
|       program main
| 
|       PRINT*, "hello world                                                                                 "
| 
|       end
configure:11041: gfortran -c -132 conftest.f >&5
gfortran: error: unrecognized command-line option '-132'; did you mean '-m32'?
configure:11041: $? = 1
configure: failed program was:
|       program main
| 
|       PRINT*, "hello world                                                                                 "
| 
|       end
configure:11061: gfortran -c -ffree-line-length-none -ffixed-line-length-none conftest.f >&5
configure:11061: $? = 0
configure:11065: result: -ffree-line-length-none -ffixed-line-length-none
configure:11222: checking for a BSD-compatible install
configure:11295: result: /usr/bin/install -c
configure:11308: checking for gmake
configure:11329: found /usr/bin/gmake
configure:11341: result: gmake
configure:11355: checking for ar
configure:11376: found /usr/bin/ar
configure:11387: result: ar
configure:11445: checking for ranlib
configure:11466: found /usr/bin/ranlib
configure:11477: result: ranlib
configure:11586: Setting optimisation flags for gfortran
configure:11597: checking for malloc in -ltcmalloc
configure:11636: gcc -o conftest  -I/usr/include/python3.12 -I/usr/include -I/usr/include/python3.12    conftest.c -ltcmalloc   -llapack -ludunits2 -lpthread -lm -lstdc++  -L/usr/lib/x86_64-linux-gnu -lpython3.12 -Xlinker -export-dynamic -Wl,-O1 -Wl,-Bsymbolic-functions -ldl -lm  -L/usr/lib/gcc/x86_64-linux-gnu/13 -L/usr/lib/gcc/x86_64-linux-gnu/13/../../../x86_64-linux-gnu -L/usr/lib/gcc/x86_64-linux-gnu/13/../../../../lib -L/lib/x86_64-linux-gnu -L/lib/../lib -L/usr/lib/x86_64-linux-gnu -L/usr/lib/../lib -L/usr/lib/gcc/x86_64-linux-gnu/13/../../.. -lgfortran -lm -lquadmath  -L/usr/lib/gcc/x86_64-linux-gnu/13 -L/usr/lib/gcc/x86_64-linux-gnu/13/../../../x86_64-linux-gnu -L/usr/lib/gcc/x86_64-linux-gnu/13/../../../../lib -L/lib/x86_64-linux-gnu -L/lib/../lib -L/usr/lib/x86_64-linux-gnu -L/usr/lib/../lib -L/usr/lib/gcc/x86_64-linux-gnu/13/../../.. -lgfortran -lm -lquadmath >&5
conftest.c:36:6: warning: conflicting types for built-in function 'malloc'; expected 'void *(long unsigned int)' [-Wbuiltin-declaration-mismatch]
   36 | char malloc ();
      |      ^~~~~~
conftest.c:1:1: note: 'malloc' is declared in header '<stdlib.h>'
    1 | /* confdefs.h */
/usr/bin/ld: cannot find -ltcmalloc: No such file or directory
collect2: error: ld returned 1 exit status
configure:11636: $? = 1
configure: failed program was:
| /* confdefs.h */
| #define PACKAGE_NAME "fluidity"
| #define PACKAGE_TARNAME "fluidity"
| #define PACKAGE_VERSION "None"
| #define PACKAGE_STRING "fluidity None"
| #define PACKAGE_BUGREPORT ""
| #define PACKAGE_URL ""
| #define HAVE_STDIO_H 1
| #define HAVE_STDLIB_H 1
| #define HAVE_STRING_H 1
| #define HAVE_INTTYPES_H 1
| #define HAVE_STDINT_H 1
| #define HAVE_STRINGS_H 1
| #define HAVE_SYS_STAT_H 1
| #define HAVE_SYS_TYPES_H 1
| #define HAVE_UNISTD_H 1
| #define STDC_HEADERS 1
| #define SIZEOF_LONG_INT 8
| #define LONG_64_BITS 1
| #define F77_FUNC(name,NAME) name ## _
| #define F77_FUNC_(name,NAME) name ## _
| #define HAVE_PYTHON "3.12"
| #define HAVE_BLAS 1
| #define HAVE_LAPACK 1
| #define HAVE_LIBSTDC__ 1
| #define HAVE_LIBM 1
| #define HAVE_LIBPTHREAD 1
| #define HAVE_LIBUDUNITS 1
| #define USING_GFORTRAN 1
| #define NDEBUG 1
| /* end confdefs.h.  */
| 
| /* Override any GCC internal prototype to avoid an error.
|    Use char because int might match the return type of a GCC
|    builtin and then its argument prototype would still apply.  */
| char malloc ();
| #ifdef F77_DUMMY_MAIN
| 
| #  ifdef __cplusplus
|      extern "C"
| #  endif
|    int F77_DUMMY_MAIN() { return 1; }
| 
| #endif
| #ifdef FC_DUMMY_MAIN
| #ifndef FC_DUMMY_MAIN_EQ_F77
| #  ifdef __cplusplus
|      extern "C"
| #  endif
|    int FC_DUMMY_MAIN() { return 1; }
| #endif
| #endif
| int
| main (void)
| {
| return malloc ();
|   ;
|   return 0;
| }
configure:11646: result: no
configure:11655: WARNING: No tcmalloc support available.
configure:11797: checking for mpif90
configure:11818: found /usr/bin/mpif90
configure:11829: result: mpif90
configure:11897: checking for mpicc
configure:11918: found /usr/bin/mpicc
configure:11929: result: mpicc
configure:11945: checking for mpicxx
configure:11966: found /usr/bin/mpicxx
configure:11977: result: mpicxx
configure:11995: checking if we can compile and link without using -lmpi
configure:12029: mpicc -o conftest  -I/usr/include/python3.12  -O3 -I/usr/include -I/usr/include/python3.12    conftest.c  -llapack -ludunits2 -lpthread -lm -lstdc++  -L/usr/lib/x86_64-linux-gnu -lpython3.12 -Xlinker -export-dynamic -Wl,-O1 -Wl,-Bsymbolic-functions -ldl -lm  -L/usr/lib/gcc/x86_64-linux-gnu/13 -L/usr/lib/gcc/x86_64-linux-gnu/13/../../../x86_64-linux-gnu -L/usr/lib/gcc/x86_64-linux-gnu/13/../../../../lib -L/lib/x86_64-linux-gnu -L/lib/../lib -L/usr/lib/x86_64-linux-gnu -L/usr/lib/../lib -L/usr/lib/gcc/x86_64-linux-gnu/13/../../.. -lgfortran -lm -lquadmath  -L/usr/lib/gcc/x86_64-linux-gnu/13 -L/usr/lib/gcc/x86_64-linux-gnu/13/../../../x86_64-linux-gnu -L/usr/lib/gcc/x86_64-linux-gnu/13/../../../../lib -L/lib/x86_64-linux-gnu -L/lib/../lib -L/usr/lib/x86_64-linux-gnu -L/usr/lib/../lib -L/usr/lib/gcc/x86_64-linux-gnu/13/../../.. -lgfortran -lm -lquadmath >&5
configure:12029: $? = 0
configure:12032: result: yes
configure:12217: checking netcdf automagic
configure:12250: mpicc -o conftest  -I/usr/include/python3.12  -O3 -I/usr/include -I/usr/include/python3.12    conftest.c  -llapack -ludunits2 -lpthread -lm -lstdc++  -L/usr/lib/x86_64-linux-gnu -lpython3.12 -Xlinker -export-dynamic -Wl,-O1 -Wl,-Bsymbolic-functions -ldl -lm  -L/usr/lib/gcc/x86_64-linux-gnu/13 -L/usr/lib/gcc/x86_64-linux-gnu/13/../../../x86_64-linux-gnu -L/usr/lib/gcc/x86_64-linux-gnu/13/../../../../lib -L/lib/x86_64-linux-gnu -L/lib/../lib -L/usr/lib/x86_64-linux-gnu -L/usr/lib/../lib -L/usr/lib/gcc/x86_64-linux-gnu/13/../../.. -lgfortran -lm -lquadmath  -L/usr/lib/gcc/x86_64-linux-gnu/13 -L/usr/lib/gcc/x86_64-linux-gnu/13/../../../x86_64-linux-gnu -L/usr/lib/gcc/x86_64-linux-gnu/13/../../../../lib -L/lib/x86_64-linux-gnu -L/lib/../lib -L/usr/lib/x86_64-linux-gnu -L/usr/lib/../lib -L/usr/lib/gcc/x86_64-linux-gnu/13/../../.. -lgfortran -lm -lquadmath >&5
/usr/bin/ld: /tmp/ccnBw6sJ.o: in function `main':
conftest.c:(.text.startup+0xb): undefined reference to `nc_create'
collect2: error: ld returned 1 exit status
configure:12250: $? = 1
configure: failed program was:
| /* confdefs.h */
| #define PACKAGE_NAME "fluidity"
| #define PACKAGE_TARNAME "fluidity"
| #define PACKAGE_VERSION "None"
| #define PACKAGE_STRING "fluidity None"
| #define PACKAGE_BUGREPORT ""
| #define PACKAGE_URL ""
| #define HAVE_STDIO_H 1
| #define HAVE_STDLIB_H 1
| #define HAVE_STRING_H 1
| #define HAVE_INTTYPES_H 1
| #define HAVE_STDINT_H 1
| #define HAVE_STRINGS_H 1
| #define HAVE_SYS_STAT_H 1
| #define HAVE_SYS_TYPES_H 1
| #define HAVE_UNISTD_H 1
| #define STDC_HEADERS 1
| #define SIZEOF_LONG_INT 8
| #define LONG_64_BITS 1
| #define F77_FUNC(name,NAME) name ## _
| #define F77_FUNC_(name,NAME) name ## _
| #define HAVE_PYTHON "3.12"
| #define HAVE_BLAS 1
| #define HAVE_LAPACK 1
| #define HAVE_LIBSTDC__ 1
| #define HAVE_LIBM 1
| #define HAVE_LIBPTHREAD 1
| #define HAVE_LIBUDUNITS 1
| #define USING_GFORTRAN 1
| #define NDEBUG 1
| #define HAVE_MPI 1
| #define HAVE_MPI_CXX 1
| #define _MPI_CPP_BINDINGS 1
| /* end confdefs.h.  */
| 
| void nc_create();
| 
| #ifdef F77_DUMMY_MAIN
| 
| #  ifdef __cplusplus
|      extern "C"
| #  endif
|    int F77_DUMMY_MAIN() { return 1; }
| 
| #endif
| #ifdef FC_DUMMY_MAIN
| #ifndef FC_DUMMY_MAIN_EQ_F77
| #  ifdef __cplusplus
|      extern "C"
| #  endif
|    int FC_DUMMY_MAIN() { return 1; }
| #endif
| #endif
| int
| main (void)
| {
| 
| nc_create();
| 
|   ;
|   return 0;
| }
configure:12260: result: no
configure:12262: checking for nc_create in -lnetcdf
configure:12301: mpicc -o conftest  -I/usr/include/python3.12  -O3 -I/usr/include -I/usr/include/python3.12    conftest.c -lnetcdf   -llapack -ludunits2 -lpthread -lm -lstdc++  -L/usr/lib/x86_64-linux-gnu -lpython3.12 -Xlinker -export-dynamic -Wl,-O1 -Wl,-Bsymbolic-functions -ldl -lm  -L/usr/lib/gcc/x86_64-linux-gnu/13 -L/usr/lib/gcc/x86_64-linux-gnu/13/../../../x86_64-linux-gnu -L/usr/lib/gcc/x86_64-linux-gnu/13/../../../../lib -L/lib/x86_64-linux-gnu -L/lib/../lib -L/usr/lib/x86_64-linux-gnu -L/usr/lib/../lib -L/usr/lib/gcc/x86_64-linux-gnu/13/../../.. -lgfortran -lm -lquadmath  -L/usr/lib/gcc/x86_64-linux-gnu/13 -L/usr/lib/gcc/x86_64-linux-gnu/13/../../../x86_64-linux-gnu -L/usr/lib/gcc/x86_64-linux-gnu/13/../../../../lib -L/lib/x86_64-linux-gnu -L/lib/../lib -L/usr/lib/x86_64-linux-gnu -L/usr/lib/../lib -L/usr/lib/gcc/x86_64-linux-gnu/13/../../.. -lgfortran -lm -lquadmath >&5
configure:12301: $? = 0
configure:12311: result: yes
configure:12344: checking for Fortran flag to compile .f90 files
configure:12365: mpif90 -c -ffast-math -frecord-marker=4 -I/usr/include​ -fno-realloc-lhs -ffree-line-length-none -ffixed-line-length-none  -O3  conftest.f90 >&5
f951: Warning: Nonexistent include directory '/usr/include​' [-Wmissing-include-dirs]
configure:12365: $? = 0
configure:12375: result: none
configure:12397: checking netcdff automagic
configure:12414: mpif90 -o conftest -ffast-math -frecord-marker=4 -I/usr/include​ -fno-realloc-lhs -ffree-line-length-none -ffixed-line-length-none  -O3     conftest.f90 -lnetcdf  -llapack -ludunits2 -lpthread -lm -lstdc++  -L/usr/lib/x86_64-linux-gnu -lpython3.12 -Xlinker -export-dynamic -Wl,-O1 -Wl,-Bsymbolic-functions -ldl -lm  -L/usr/lib/gcc/x86_64-linux-gnu/13 -L/usr/lib/gcc/x86_64-linux-gnu/13/../../../x86_64-linux-gnu -L/usr/lib/gcc/x86_64-linux-gnu/13/../../../../lib -L/lib/x86_64-linux-gnu -L/lib/../lib -L/usr/lib/x86_64-linux-gnu -L/usr/lib/../lib -L/usr/lib/gcc/x86_64-linux-gnu/13/../../.. -lgfortran -lm -lquadmath  -L/usr/lib/gcc/x86_64-linux-gnu/13 -L/usr/lib/gcc/x86_64-linux-gnu/13/../../../x86_64-linux-gnu -L/usr/lib/gcc/x86_64-linux-gnu/13/../../../../lib -L/lib/x86_64-linux-gnu -L/lib/../lib -L/usr/lib/x86_64-linux-gnu -L/usr/lib/../lib -L/usr/lib/gcc/x86_64-linux-gnu/13/../../.. -lgfortran -lm -lquadmath >&5
f951: Warning: Nonexistent include directory '/usr/include​' [-Wmissing-include-dirs]
/usr/bin/ld: /tmp/ccXb3XrB.o: in function `main':
conftest.f90:(.text.startup+0x25): undefined reference to `nccre_'
collect2: error: ld returned 1 exit status
configure:12414: $? = 1
configure: failed program was:
| 
|    program test
| 
|    interface
|       subroutine nccre()
|       end subroutine
|    end interface
| 
|    call nccre()
| 
|    end program test
| 
| 
configure:12424: result: no
configure:12426: checking for nccre in -lnetcdff
configure:12439: mpif90 -o conftest -ffast-math -frecord-marker=4 -I/usr/include​ -fno-realloc-lhs -ffree-line-length-none -ffixed-line-length-none  -O3     conftest.f90 -lnetcdff  -lnetcdf  -llapack -ludunits2 -lpthread -lm -lstdc++  -L/usr/lib/x86_64-linux-gnu -lpython3.12 -Xlinker -export-dynamic -Wl,-O1 -Wl,-Bsymbolic-functions -ldl -lm  -L/usr/lib/gcc/x86_64-linux-gnu/13 -L/usr/lib/gcc/x86_64-linux-gnu/13/../../../x86_64-linux-gnu -L/usr/lib/gcc/x86_64-linux-gnu/13/../../../../lib -L/lib/x86_64-linux-gnu -L/lib/../lib -L/usr/lib/x86_64-linux-gnu -L/usr/lib/../lib -L/usr/lib/gcc/x86_64-linux-gnu/13/../../.. -lgfortran -lm -lquadmath  -L/usr/lib/gcc/x86_64-linux-gnu/13 -L/usr/lib/gcc/x86_64-linux-gnu/13/../../../x86_64-linux-gnu -L/usr/lib/gcc/x86_64-linux-gnu/13/../../../../lib -L/lib/x86_64-linux-gnu -L/lib/../lib -L/usr/lib/x86_64-linux-gnu -L/usr/lib/../lib -L/usr/lib/gcc/x86_64-linux-gnu/13/../../.. -lgfortran -lm -lquadmath >&5
f951: Warning: Nonexistent include directory '/usr/include​' [-Wmissing-include-dirs]
configure:12439: $? = 0
configure:12449: result: yes
configure:12467: checking for Fortran flag to compile .f files
configure:12488: mpif90 -c -ffast-math -frecord-marker=4 -I/usr/include​ -fno-realloc-lhs -ffree-line-length-none -ffixed-line-length-none  -O3  conftest.f >&5
f951: Warning: Nonexistent include directory '/usr/include​' [-Wmissing-include-dirs]
configure:12488: $? = 0
configure:12498: result: none
configure:12704: checking for X
configure:12758: mpicc -o conftest  -I/usr/include/python3.12  -O3 -I/usr/include -I/usr/include/python3.12    conftest.c -lX11 -lnetcdff -lnetcdf  -llapack -ludunits2 -lpthread -lm -lstdc++  -L/usr/lib/x86_64-linux-gnu -lpython3.12 -Xlinker -export-dynamic -Wl,-O1 -Wl,-Bsymbolic-functions -ldl -lm  -L/usr/lib/gcc/x86_64-linux-gnu/13 -L/usr/lib/gcc/x86_64-linux-gnu/13/../../../x86_64-linux-gnu -L/usr/lib/gcc/x86_64-linux-gnu/13/../../../../lib -L/lib/x86_64-linux-gnu -L/lib/../lib -L/usr/lib/x86_64-linux-gnu -L/usr/lib/../lib -L/usr/lib/gcc/x86_64-linux-gnu/13/../../.. -lgfortran -lm -lquadmath  -L/usr/lib/gcc/x86_64-linux-gnu/13 -L/usr/lib/gcc/x86_64-linux-gnu/13/../../../x86_64-linux-gnu -L/usr/lib/gcc/x86_64-linux-gnu/13/../../../../lib -L/lib/x86_64-linux-gnu -L/lib/../lib -L/usr/lib/x86_64-linux-gnu -L/usr/lib/../lib -L/usr/lib/gcc/x86_64-linux-gnu/13/../../.. -lgfortran -lm -lquadmath >&5
configure:12758: $? = 0
configure:12961: result: libraries , headers 
configure:13112: mpicc -o conftest  -I/usr/include/python3.12  -O3 -I/usr/include -I/usr/include/python3.12    conftest.c -lnetcdff -lnetcdf  -llapack -ludunits2 -lpthread -lm -lstdc++  -L/usr/lib/x86_64-linux-gnu -lpython3.12 -Xlinker -export-dynamic -Wl,-O1 -Wl,-Bsymbolic-functions -ldl -lm  -L/usr/lib/gcc/x86_64-linux-gnu/13 -L/usr/lib/gcc/x86_64-linux-gnu/13/../../../x86_64-linux-gnu -L/usr/lib/gcc/x86_64-linux-gnu/13/../../../../lib -L/lib/x86_64-linux-gnu -L/lib/../lib -L/usr/lib/x86_64-linux-gnu -L/usr/lib/../lib -L/usr/lib/gcc/x86_64-linux-gnu/13/../../.. -lgfortran -lm -lquadmath  -L/usr/lib/gcc/x86_64-linux-gnu/13 -L/usr/lib/gcc/x86_64-linux-gnu/13/../../../x86_64-linux-gnu -L/usr/lib/gcc/x86_64-linux-gnu/13/../../../../lib -L/lib/x86_64-linux-gnu -L/lib/../lib -L/usr/lib/x86_64-linux-gnu -L/usr/lib/../lib -L/usr/lib/gcc/x86_64-linux-gnu/13/../../.. -lgfortran -lm -lquadmath  -lX11 >&5
configure:13112: $? = 0
configure:13243: checking for gethostbyname
configure:13243: mpicc -o conftest  -I/usr/include/python3.12  -O3 -I/usr/include -I/usr/include/python3.12    conftest.c -lnetcdff -lnetcdf  -llapack -ludunits2 -lpthread -lm -lstdc++  -L/usr/lib/x86_64-linux-gnu -lpython3.12 -Xlinker -export-dynamic -Wl,-O1 -Wl,-Bsymbolic-functions -ldl -lm  -L/usr/lib/gcc/x86_64-linux-gnu/13 -L/usr/lib/gcc/x86_64-linux-gnu/13/../../../x86_64-linux-gnu -L/usr/lib/gcc/x86_64-linux-gnu/13/../../../../lib -L/lib/x86_64-linux-gnu -L/lib/../lib -L/usr/lib/x86_64-linux-gnu -L/usr/lib/../lib -L/usr/lib/gcc/x86_64-linux-gnu/13/../../.. -lgfortran -lm -lquadmath  -L/usr/lib/gcc/x86_64-linux-gnu/13 -L/usr/lib/gcc/x86_64-linux-gnu/13/../../../x86_64-linux-gnu -L/usr/lib/gcc/x86_64-linux-gnu/13/../../../../lib -L/lib/x86_64-linux-gnu -L/lib/../lib -L/usr/lib/x86_64-linux-gnu -L/usr/lib/../lib -L/usr/lib/gcc/x86_64-linux-gnu/13/../../.. -lgfortran -lm -lquadmath >&5
configure:13243: $? = 0
configure:13243: result: yes
configure:13373: checking for connect
configure:13373: mpicc -o conftest  -I/usr/include/python3.12  -O3 -I/usr/include -I/usr/include/python3.12    conftest.c -lnetcdff -lnetcdf  -llapack -ludunits2 -lpthread -lm -lstdc++  -L/usr/lib/x86_64-linux-gnu -lpython3.12 -Xlinker -export-dynamic -Wl,-O1 -Wl,-Bsymbolic-functions -ldl -lm  -L/usr/lib/gcc/x86_64-linux-gnu/13 -L/usr/lib/gcc/x86_64-linux-gnu/13/../../../x86_64-linux-gnu -L/usr/lib/gcc/x86_64-linux-gnu/13/../../../../lib -L/lib/x86_64-linux-gnu -L/lib/../lib -L/usr/lib/x86_64-linux-gnu -L/usr/lib/../lib -L/usr/lib/gcc/x86_64-linux-gnu/13/../../.. -lgfortran -lm -lquadmath  -L/usr/lib/gcc/x86_64-linux-gnu/13 -L/usr/lib/gcc/x86_64-linux-gnu/13/../../../x86_64-linux-gnu -L/usr/lib/gcc/x86_64-linux-gnu/13/../../../../lib -L/lib/x86_64-linux-gnu -L/lib/../lib -L/usr/lib/x86_64-linux-gnu -L/usr/lib/../lib -L/usr/lib/gcc/x86_64-linux-gnu/13/../../.. -lgfortran -lm -lquadmath >&5
configure:13373: $? = 0
configure:13373: result: yes
configure:13439: checking for remove
configure:13439: mpicc -o conftest  -I/usr/include/python3.12  -O3 -I/usr/include -I/usr/include/python3.12    conftest.c -lnetcdff -lnetcdf  -llapack -ludunits2 -lpthread -lm -lstdc++  -L/usr/lib/x86_64-linux-gnu -lpython3.12 -Xlinker -export-dynamic -Wl,-O1 -Wl,-Bsymbolic-functions -ldl -lm  -L/usr/lib/gcc/x86_64-linux-gnu/13 -L/usr/lib/gcc/x86_64-linux-gnu/13/../../../x86_64-linux-gnu -L/usr/lib/gcc/x86_64-linux-gnu/13/../../../../lib -L/lib/x86_64-linux-gnu -L/lib/../lib -L/usr/lib/x86_64-linux-gnu -L/usr/lib/../lib -L/usr/lib/gcc/x86_64-linux-gnu/13/../../.. -lgfortran -lm -lquadmath  -L/usr/lib/gcc/x86_64-linux-gnu/13 -L/usr/lib/gcc/x86_64-linux-gnu/13/../../../x86_64-linux-gnu -L/usr/lib/gcc/x86_64-linux-gnu/13/../../../../lib -L/lib/x86_64-linux-gnu -L/lib/../lib -L/usr/lib/x86_64-linux-gnu -L/usr/lib/../lib -L/usr/lib/gcc/x86_64-linux-gnu/13/../../.. -lgfortran -lm -lquadmath >&5
configure:13439: $? = 0
configure:13439: result: yes
configure:13505: checking for shmat
configure:13505: mpicc -o conftest  -I/usr/include/python3.12  -O3 -I/usr/include -I/usr/include/python3.12    conftest.c -lnetcdff -lnetcdf  -llapack -ludunits2 -lpthread -lm -lstdc++  -L/usr/lib/x86_64-linux-gnu -lpython3.12 -Xlinker -export-dynamic -Wl,-O1 -Wl,-Bsymbolic-functions -ldl -lm  -L/usr/lib/gcc/x86_64-linux-gnu/13 -L/usr/lib/gcc/x86_64-linux-gnu/13/../../../x86_64-linux-gnu -L/usr/lib/gcc/x86_64-linux-gnu/13/../../../../lib -L/lib/x86_64-linux-gnu -L/lib/../lib -L/usr/lib/x86_64-linux-gnu -L/usr/lib/../lib -L/usr/lib/gcc/x86_64-linux-gnu/13/../../.. -lgfortran -lm -lquadmath  -L/usr/lib/gcc/x86_64-linux-gnu/13 -L/usr/lib/gcc/x86_64-linux-gnu/13/../../../x86_64-linux-gnu -L/usr/lib/gcc/x86_64-linux-gnu/13/../../../../lib -L/lib/x86_64-linux-gnu -L/lib/../lib -L/usr/lib/x86_64-linux-gnu -L/usr/lib/../lib -L/usr/lib/gcc/x86_64-linux-gnu/13/../../.. -lgfortran -lm -lquadmath >&5
configure:13505: $? = 0
configure:13505: result: yes
configure:13580: checking for IceConnectionNumber in -lICE
configure:13619: mpicc -o conftest  -I/usr/include/python3.12  -O3 -I/usr/include -I/usr/include/python3.12    conftest.c -lICE  -lnetcdff -lnetcdf  -llapack -ludunits2 -lpthread -lm -lstdc++  -L/usr/lib/x86_64-linux-gnu -lpython3.12 -Xlinker -export-dynamic -Wl,-O1 -Wl,-Bsymbolic-functions -ldl -lm  -L/usr/lib/gcc/x86_64-linux-gnu/13 -L/usr/lib/gcc/x86_64-linux-gnu/13/../../../x86_64-linux-gnu -L/usr/lib/gcc/x86_64-linux-gnu/13/../../../../lib -L/lib/x86_64-linux-gnu -L/lib/../lib -L/usr/lib/x86_64-linux-gnu -L/usr/lib/../lib -L/usr/lib/gcc/x86_64-linux-gnu/13/../../.. -lgfortran -lm -lquadmath  -L/usr/lib/gcc/x86_64-linux-gnu/13 -L/usr/lib/gcc/x86_64-linux-gnu/13/../../../x86_64-linux-gnu -L/usr/lib/gcc/x86_64-linux-gnu/13/../../../../lib -L/lib/x86_64-linux-gnu -L/lib/../lib -L/usr/lib/x86_64-linux-gnu -L/usr/lib/../lib -L/usr/lib/gcc/x86_64-linux-gnu/13/../../.. -lgfortran -lm -lquadmath >&5
configure:13619: $? = 0
configure:13629: result: yes
configure:13642: WARNING: No PETSC_DIR set - trying to autodetect 
configure:13660: Using PETSC_DIR=/usr/lib/petsc
configure:13672: mpicc -o conftest  -I/usr/include/python3.12  -O3 -I/usr/include -I/usr/include/python3.12  -I/home/jfv00/multifluids_icferst/include/    conftest.c  -lnetcdff -lnetcdf  -llapack -ludunits2 -lpthread -lm -lstdc++  -L/usr/lib/x86_64-linux-gnu -lpython3.12 -Xlinker -export-dynamic -Wl,-O1 -Wl,-Bsymbolic-functions -ldl -lm  -L/usr/lib/gcc/x86_64-linux-gnu/13 -L/usr/lib/gcc/x86_64-linux-gnu/13/../../../x86_64-linux-gnu -L/usr/lib/gcc/x86_64-linux-gnu/13/../../../../lib -L/lib/x86_64-linux-gnu -L/lib/../lib -L/usr/lib/x86_64-linux-gnu -L/usr/lib/../lib -L/usr/lib/gcc/x86_64-linux-gnu/13/../../.. -lgfortran -lm -lquadmath  -L/usr/lib/gcc/x86_64-linux-gnu/13 -L/usr/lib/gcc/x86_64-linux-gnu/13/../../../x86_64-linux-gnu -L/usr/lib/gcc/x86_64-linux-gnu/13/../../../../lib -L/lib/x86_64-linux-gnu -L/lib/../lib -L/usr/lib/x86_64-linux-gnu -L/usr/lib/../lib -L/usr/lib/gcc/x86_64-linux-gnu/13/../../.. -lgfortran -lm -lquadmath >&5
conftest.c:37:10: fatal error: petscversion.h: No such file or directory
   37 | #include "petscversion.h"
      |          ^~~~~~~~~~~~~~~~
compilation terminated.
configure:13672: $? = 1
configure: program exited with status 1
configure: failed program was:
| /* confdefs.h */
| #define PACKAGE_NAME "fluidity"
| #define PACKAGE_TARNAME "fluidity"
| #define PACKAGE_VERSION "None"
| #define PACKAGE_STRING "fluidity None"
| #define PACKAGE_BUGREPORT ""
| #define PACKAGE_URL ""
| #define HAVE_STDIO_H 1
| #define HAVE_STDLIB_H 1
| #define HAVE_STRING_H 1
| #define HAVE_INTTYPES_H 1
| #define HAVE_STDINT_H 1
| #define HAVE_STRINGS_H 1
| #define HAVE_SYS_STAT_H 1
| #define HAVE_SYS_TYPES_H 1
| #define HAVE_UNISTD_H 1
| #define STDC_HEADERS 1
| #define SIZEOF_LONG_INT 8
| #define LONG_64_BITS 1
| #define F77_FUNC(name,NAME) name ## _
| #define F77_FUNC_(name,NAME) name ## _
| #define HAVE_PYTHON "3.12"
| #define HAVE_BLAS 1
| #define HAVE_LAPACK 1
| #define HAVE_LIBSTDC__ 1
| #define HAVE_LIBM 1
| #define HAVE_LIBPTHREAD 1
| #define HAVE_LIBUDUNITS 1
| #define USING_GFORTRAN 1
| #define NDEBUG 1
| #define HAVE_MPI 1
| #define HAVE_MPI_CXX 1
| #define _MPI_CPP_BINDINGS 1
| #define HAVE_LIBNETCDF 1
| #define HAVE_LIBNETCDFF 1
| /* end confdefs.h.  */
| #include "petscversion.h"
| static long int longval (void) { return PETSC_VERSION_MAJOR; }
| static unsigned long int ulongval (void) { return PETSC_VERSION_MAJOR; }
| #include <stdio.h>
| #include <stdlib.h>
| int
| main (void)
| {
| 
|   FILE *f = fopen ("conftest.val", "w");
|   if (! f)
|     return 1;
|   if ((PETSC_VERSION_MAJOR) < 0)
|     {
|       long int i = longval ();
|       if (i != (PETSC_VERSION_MAJOR))
| 	return 1;
|       fprintf (f, "%ld", i);
|     }
|   else
|     {
|       unsigned long int i = ulongval ();
|       if (i != (PETSC_VERSION_MAJOR))
| 	return 1;
|       fprintf (f, "%lu", i);
|     }
|   /* Do not output a trailing newline, as this causes \r\n confusion
|      on some platforms.  */
|   return ferror (f) || fclose (f) != 0;
| 
|   ;
|   return 0;
| }
configure:13676: error: Unknown petsc major version

## ---------------- ##
## Cache variables. ##
## ---------------- ##

ac_cv_build=x86_64-unknown-linux-gnu
ac_cv_c_compiler_gnu=yes
ac_cv_cxx_compiler_gnu=yes
ac_cv_env_CCC_set=
ac_cv_env_CCC_value=
ac_cv_env_CC_set=
ac_cv_env_CC_value=
ac_cv_env_CFLAGS_set=
ac_cv_env_CFLAGS_value=
ac_cv_env_CPPFLAGS_set=set
ac_cv_env_CPPFLAGS_value=-I/usr/include
ac_cv_env_CPP_set=
ac_cv_env_CPP_value=
ac_cv_env_CXXCPP_set=
ac_cv_env_CXXCPP_value=
ac_cv_env_CXXFLAGS_set=
ac_cv_env_CXXFLAGS_value=
ac_cv_env_CXX_set=
ac_cv_env_CXX_value=
ac_cv_env_F77_set=
ac_cv_env_F77_value=
ac_cv_env_FCFLAGS_set=set
ac_cv_env_FCFLAGS_value=-I/usr/include​
ac_cv_env_FC_set=
ac_cv_env_FC_value=
ac_cv_env_FFLAGS_set=
ac_cv_env_FFLAGS_value=
ac_cv_env_LDFLAGS_set=
ac_cv_env_LDFLAGS_value=
ac_cv_env_LIBS_set=
ac_cv_env_LIBS_value=
ac_cv_env_MPICC_set=
ac_cv_env_MPICC_value=
ac_cv_env_MPICXX_set=
ac_cv_env_MPICXX_value=
ac_cv_env_MPIF77_set=
ac_cv_env_MPIF77_value=
ac_cv_env_MPIF90_set=
ac_cv_env_MPIF90_value=
ac_cv_env_PYTHON_VERSION_set=
ac_cv_env_PYTHON_VERSION_value=
ac_cv_env_XMKMF_set=
ac_cv_env_XMKMF_value=
ac_cv_env_build_alias_set=
ac_cv_env_build_alias_value=
ac_cv_env_host_alias_set=
ac_cv_env_host_alias_value=
ac_cv_env_target_alias_set=
ac_cv_env_target_alias_value=
ac_cv_f77_compiler_gnu=yes
ac_cv_f77_dummy_main=none
ac_cv_f77_libs=' -L/usr/lib/gcc/x86_64-linux-gnu/13 -L/usr/lib/gcc/x86_64-linux-gnu/13/../../../x86_64-linux-gnu -L/usr/lib/gcc/x86_64-linux-gnu/13/../../../../lib -L/lib/x86_64-linux-gnu -L/lib/../lib -L/usr/lib/x86_64-linux-gnu -L/usr/lib/../lib -L/usr/lib/gcc/x86_64-linux-gnu/13/../../.. -lgfortran -lm -lquadmath'
ac_cv_f77_mangling='lower case, underscore, no extra underscore'
ac_cv_fc_compiler_gnu=yes
ac_cv_fc_libs=' -L/usr/lib/gcc/x86_64-linux-gnu/13 -L/usr/lib/gcc/x86_64-linux-gnu/13/../../../x86_64-linux-gnu -L/usr/lib/gcc/x86_64-linux-gnu/13/../../../../lib -L/lib/x86_64-linux-gnu -L/lib/../lib -L/usr/lib/x86_64-linux-gnu -L/usr/lib/../lib -L/usr/lib/gcc/x86_64-linux-gnu/13/../../.. -lgfortran -lm -lquadmath'
ac_cv_fc_srcext_f90=none
ac_cv_fc_srcext_f=none
ac_cv_fortran_dummy_main=none
ac_cv_func_connect=yes
ac_cv_func_gethostbyname=yes
ac_cv_func_remove=yes
ac_cv_func_shmat=yes
ac_cv_have_x='have_x=yes	ac_x_includes='\'''\''	ac_x_libraries='\'''\'''
ac_cv_header_inttypes_h=yes
ac_cv_header_stdint_h=yes
ac_cv_header_stdio_h=yes
ac_cv_header_stdlib_h=yes
ac_cv_header_string_h=yes
ac_cv_header_strings_h=yes
ac_cv_header_sys_stat_h=yes
ac_cv_header_sys_types_h=yes
ac_cv_header_unistd_h=yes
ac_cv_host=x86_64-unknown-linux-gnu
ac_cv_lib_ICE_IceConnectionNumber=yes
ac_cv_lib_acml_sgemm=no
ac_cv_lib_blas_sgemm=yes
ac_cv_lib_complib_sgimath_sgemm=no
ac_cv_lib_cxml_sgemm=no
ac_cv_lib_dgemm_dgemm=no
ac_cv_lib_dxml_sgemm=no
ac_cv_lib_essl_sgemm=no
ac_cv_lib_f77blas_sgemm=no
ac_cv_lib_lapack_dsyev=yes
ac_cv_lib_m_main=yes
ac_cv_lib_mkl_em64t_sgemm=no
ac_cv_lib_mkl_ipf_sgemm=no
ac_cv_lib_mkl_lapack_dsyev=no
ac_cv_lib_mkl_lapack_lsame=no
ac_cv_lib_netcdf_nc_create=yes
ac_cv_lib_netcdff_nccre=yes
ac_cv_lib_pthread_main=yes
ac_cv_lib_scs_sgemm=no
ac_cv_lib_stdcpp_main=yes
ac_cv_lib_sunperf_dsyev=no
ac_cv_lib_tcmalloc_malloc=no
ac_cv_lib_veclib_sgemm=no
ac_cv_objext=o
ac_cv_path_PYTHON=/home/jfv00/multifluids_icferst/.venv/bin/python3
ac_cv_path_install='/usr/bin/install -c'
ac_cv_prog_AR=ar
ac_cv_prog_CPP='gcc -E'
ac_cv_prog_MAKE=gmake
ac_cv_prog_MPICC=mpicc
ac_cv_prog_MPICXX=mpicxx
ac_cv_prog_MPIF90=mpif90
ac_cv_prog_ac_ct_CC=gcc
ac_cv_prog_ac_ct_CXX=g++
ac_cv_prog_ac_ct_F77=gfortran
ac_cv_prog_ac_ct_FC=gfortran
ac_cv_prog_ac_ct_RANLIB=ranlib
ac_cv_prog_cc_c11=
ac_cv_prog_cc_g=yes
ac_cv_prog_cc_stdc=
ac_cv_prog_cxx_cxx11=
ac_cv_prog_cxx_g=yes
ac_cv_prog_cxx_stdcxx=
ac_cv_prog_f77_g=yes
ac_cv_prog_f77_v=-v
ac_cv_prog_fc_g=yes
ac_cv_prog_fc_v=-v
ac_cv_prog_have_bare_python=yes
ac_cv_search_utInit=-ludunits2
ac_cv_sizeof_long_int=8

## ----------------- ##
## Output variables. ##
## ----------------- ##

AR='ar'
ARFLAGS='cr'
BLAS_LIBS='-lblas  -L/usr/lib/gcc/x86_64-linux-gnu/13 -L/usr/lib/gcc/x86_64-linux-gnu/13/../../../x86_64-linux-gnu -L/usr/lib/gcc/x86_64-linux-gnu/13/../../../../lib -L/lib/x86_64-linux-gnu -L/lib/../lib -L/usr/lib/x86_64-linux-gnu -L/usr/lib/../lib -L/usr/lib/gcc/x86_64-linux-gnu/13/../../.. -lgfortran -lm -lquadmath'
BUILD_LIBADAPT=''
CC='mpicc'
CFLAGS=' -I/usr/include/python3.12  -O3'
CLEAN_LIBADAPT=''
CPP='gcc -E'
CPPFLAGS='-I/usr/include -I/usr/include/python3.12  -I/home/jfv00/multifluids_icferst/include/'
CXX='mpicxx'
CXXCPP=''
CXXFLAGS=' -I/usr/include/python3.12  -O3'
DEFINE_MPI=''
DEFS=''
ECHO_C=''
ECHO_N='-n'
ECHO_T=''
EGREP=''
ENABLE_PSMILE=''
EXEEXT=''
F77='mpif90'
FC='mpif90'
FCFLAGS='-ffast-math -frecord-marker=4 -I/usr/include​ -fno-realloc-lhs -ffree-line-length-none -ffixed-line-length-none  -O3  -I/home/jfv00/multifluids_icferst/include/'
FCFLAGS_f90=''
FCFLAGS_f=''
FCLIBS=' -L/usr/lib/gcc/x86_64-linux-gnu/13 -L/usr/lib/gcc/x86_64-linux-gnu/13/../../../x86_64-linux-gnu -L/usr/lib/gcc/x86_64-linux-gnu/13/../../../../lib -L/lib/x86_64-linux-gnu -L/lib/../lib -L/usr/lib/x86_64-linux-gnu -L/usr/lib/../lib -L/usr/lib/gcc/x86_64-linux-gnu/13/../../.. -lgfortran -lm -lquadmath'
FEMDEM=''
FFLAGS='-ffast-math -frecord-marker=4  -fno-realloc-lhs -ffree-line-length-none -ffixed-line-length-none  -O3'
FLFEMDEM_PATH=''
FLIBJUDY=''
FLIBS=' -L/usr/lib/gcc/x86_64-linux-gnu/13 -L/usr/lib/gcc/x86_64-linux-gnu/13/../../../x86_64-linux-gnu -L/usr/lib/gcc/x86_64-linux-gnu/13/../../../../lib -L/lib/x86_64-linux-gnu -L/lib/../lib -L/usr/lib/x86_64-linux-gnu -L/usr/lib/../lib -L/usr/lib/gcc/x86_64-linux-gnu/13/../../.. -lgfortran -lm -lquadmath'
FLLINKER=''
FLPHREEQC_PATH=''
FLPSMILE_PATH=''
FLUIDITY_VERSION=''
FLXGBOOST_PATH=''
FORTRAN_REAL_8=''
GREP=''
HAVE_ASSESS='no'
HAVE_CGAL=''
HAVE_EXODUSII='no'
HAVE_LIBSUPERMESH=''
HAVE_PYTHON=''
HAVE_ZOLTAN=''
HYPERLIGHT=''
INSTALL_DATA='${INSTALL} -m 644'
INSTALL_PROGRAM='${INSTALL}'
INSTALL_SCRIPT='${INSTALL}'
IO_ADVANCE_BUG=''
JUDY_CFLAGS=''
LAPACK_LIBS=' -llapack -lblas  -L/usr/lib/gcc/x86_64-linux-gnu/13 -L/usr/lib/gcc/x86_64-linux-gnu/13/../../../x86_64-linux-gnu -L/usr/lib/gcc/x86_64-linux-gnu/13/../../../../lib -L/lib/x86_64-linux-gnu -L/lib/../lib -L/usr/lib/x86_64-linux-gnu -L/usr/lib/../lib -L/usr/lib/gcc/x86_64-linux-gnu/13/../../.. -lgfortran -lm -lquadmath'
LDFLAGS='  '
LIBOBJS=''
LIBS=' -lnetcdff -lnetcdf  -llapack -ludunits2 -lpthread -lm -lstdc++  -L/usr/lib/x86_64-linux-gnu -lpython3.12 -Xlinker -export-dynamic -Wl,-O1 -Wl,-Bsymbolic-functions -ldl -lm  -L/usr/lib/gcc/x86_64-linux-gnu/13 -L/usr/lib/gcc/x86_64-linux-gnu/13/../../../x86_64-linux-gnu -L/usr/lib/gcc/x86_64-linux-gnu/13/../../../../lib -L/lib/x86_64-linux-gnu -L/lib/../lib -L/usr/lib/x86_64-linux-gnu -L/usr/lib/../lib -L/usr/lib/gcc/x86_64-linux-gnu/13/../../.. -lgfortran -lm -lquadmath  -L/usr/lib/gcc/x86_64-linux-gnu/13 -L/usr/lib/gcc/x86_64-linux-gnu/13/../../../x86_64-linux-gnu -L/usr/lib/gcc/x86_64-linux-gnu/13/../../../../lib -L/lib/x86_64-linux-gnu -L/lib/../lib -L/usr/lib/x86_64-linux-gnu -L/usr/lib/../lib -L/usr/lib/gcc/x86_64-linux-gnu/13/../../.. -lgfortran -lm -lquadmath'
LIBSPATIALINDEX=''
LIB_FEMDEM=''
LIB_PHREEQC=''
LIB_XGBOOST=''
LINKER='g++'
LTLIBOBJS=''
MAKE='gmake'
MBA2D=''
MBA3D=''
MEMORY_STATS=''
MODINC_FLAG='-I'
MOD_FLAG='-J'
MPICC='mpicc'
MPICXX='mpicxx'
MPIF77='mpif90'
MPIF90='mpif90'
OBJEXT='o'
OPENMP_CXXFLAGS=''
PACKAGE_BUGREPORT=''
PACKAGE_NAME='fluidity'
PACKAGE_STRING='fluidity None'
PACKAGE_TARNAME='fluidity'
PACKAGE_URL=''
PACKAGE_VERSION='None'
PATH_SEPARATOR=':'
PHREEQC=''
PROFILING_FLAG=''
PYTHON='/home/jfv00/multifluids_icferst/.venv/bin/python3'
PYTHON_CPPFLAGS='-I/usr/include/python3.12'
PYTHON_EXTRA_LDFLAGS='-Xlinker -export-dynamic -Wl,-O1 -Wl,-Bsymbolic-functions'
PYTHON_EXTRA_LIBS='-ldl -lm'
PYTHON_LIBS='-L/usr/lib/x86_64-linux-gnu -lpython3.12'
PYTHON_PLATFORM_SITE_PKG='/usr/local/lib/python3.12/site-packages'
PYTHON_SITE_PKG='/usr/local/lib/python3.12/site-packages'
PYTHON_VERSION='3'
RANLIB='ranlib'
SED=''
SHELL='/bin/bash'
SPATIALINDEXDIR=''
SPUDHEADER=''
SPUDLIB=''
SPUD_ONLY=''
UNROLL_LOOPS='-funroll-loops'
USE_CPP=''
XGBOOST=''
XMKMF=''
X_CFLAGS=''
X_EXTRA_LIBS=''
X_LIBS=''
X_PRE_LIBS=' -lSM -lICE'
ac_ct_CC='gcc'
ac_ct_CXX='g++'
ac_ct_F77='gfortran'
ac_ct_FC='gfortran'
bindir='${exec_prefix}/bin'
build='x86_64-unknown-linux-gnu'
build_alias=''
build_cpu='x86_64'
build_os='linux-gnu'
build_vendor='unknown'
datadir='${datarootdir}'
datarootdir='${prefix}/share'
docdir='${datarootdir}/doc/${PACKAGE_TARNAME}'
dvidir='${docdir}'
exec_prefix='NONE'
have_bare_python='yes'
host='x86_64-unknown-linux-gnu'
host_alias=''
host_cpu='x86_64'
host_os='linux-gnu'
host_vendor='unknown'
htmldir='${docdir}'
includedir='${prefix}/include'
infodir='${datarootdir}/info'
libdir='${exec_prefix}/lib'
libexecdir='${exec_prefix}/libexec'
localedir='${datarootdir}/locale'
localstatedir='${prefix}/var'
mandir='${datarootdir}/man'
oldincludedir='/usr/include'
pdfdir='${docdir}'
prefix='NONE'
program_transform_name='s,x,x,'
psdir='${docdir}'
runstatedir='${localstatedir}/run'
sbindir='${exec_prefix}/sbin'
sharedstatedir='${prefix}/com'
sysconfdir='${prefix}/etc'
target_alias=''

## ----------- ##
## confdefs.h. ##
## ----------- ##

/* confdefs.h */
#define PACKAGE_NAME "fluidity"
#define PACKAGE_TARNAME "fluidity"
#define PACKAGE_VERSION "None"
#define PACKAGE_STRING "fluidity None"
#define PACKAGE_BUGREPORT ""
#define PACKAGE_URL ""
#define HAVE_STDIO_H 1
#define HAVE_STDLIB_H 1
#define HAVE_STRING_H 1
#define HAVE_INTTYPES_H 1
#define HAVE_STDINT_H 1
#define HAVE_STRINGS_H 1
#define HAVE_SYS_STAT_H 1
#define HAVE_SYS_TYPES_H 1
#define HAVE_UNISTD_H 1
#define STDC_HEADERS 1
#define SIZEOF_LONG_INT 8
#define LONG_64_BITS 1
#define F77_FUNC(name,NAME) name ## _
#define F77_FUNC_(name,NAME) name ## _
#define HAVE_PYTHON "3.12"
#define HAVE_BLAS 1
#define HAVE_LAPACK 1
#define HAVE_LIBSTDC__ 1
#define HAVE_LIBM 1
#define HAVE_LIBPTHREAD 1
#define HAVE_LIBUDUNITS 1
#define USING_GFORTRAN 1
#define NDEBUG 1
#define HAVE_MPI 1
#define HAVE_MPI_CXX 1
#define _MPI_CPP_BINDINGS 1
#define HAVE_LIBNETCDF 1
#define HAVE_LIBNETCDFF 1

configure: exit 1
